<WB-01><14/10/2016 11:56:58>>Initial Weight Bridge[7100301]WB-01 successful.
<WB-01><14/10/2016 11:56:58>>Weight Bridge enable=False
<WB-01><14/10/2016 11:56:58>>Open comport[COM6]
<WB-01><14/10/2016 12:21:17>>Initial Weight Bridge[7100301]WB-01 successful.
<WB-01><14/10/2016 12:21:17>>Weight Bridge enable=False
<WB-01><14/10/2016 12:21:17>>Open comport[COM6]
<WB-01><14/10/2016 12:22:11>>Initial Weight Bridge[7100301]WB-01 successful.
<WB-01><14/10/2016 12:22:11>>Weight Bridge enable=False
<WB-01><14/10/2016 12:22:11>>Open comport[COM6]
<WB-01><14/10/2016 13:13:22>>Initial Weight Bridge[7100301]WB-01 successful.
<WB-01><14/10/2016 13:13:22>>Weight Bridge enable=False
<WB-01><14/10/2016 13:13:22>>Open comport[COM6]
<WB-01><14/10/2016 13:20:14>>Initial Weight Bridge[7100301]WB-01 successful.
<WB-01><14/10/2016 13:20:14>>Weight Bridge enable=False
<WB-01><14/10/2016 13:20:14>>Open comport[COM6]
<WB-01><14/10/2016 13:21:16>>Initial Weight Bridge[7100301]WB-01 successful.
<WB-01><14/10/2016 13:21:16>>Weight Bridge enable=False
<WB-01><14/10/2016 13:21:16>>Open comport[COM6]
<WB-01><14/10/2016 13:22:46>>Initial Weight Bridge[7100301]WB-01 successful.
<WB-01><14/10/2016 13:22:46>>Weight Bridge enable=False
<WB-01><14/10/2016 13:22:46>>Open comport[COM6]
<WB-01><14/10/2016 13:23:53>>Initial Weight Bridge[7100301]WB-01 successful.
<WB-01><14/10/2016 13:23:53>>Weight Bridge enable=False
<WB-01><14/10/2016 13:23:53>>Open comport[COM6]
<WB-01><14/10/2016 13:41:53>>Initial Weight Bridge[7100301]WB-01 successful.
<WB-01><14/10/2016 13:41:53>>Weight Bridge enable=False
<WB-01><14/10/2016 13:41:53>>Open comport[COM6]
<WB-01><14/10/2016 14:03:31>>Initial Weight Bridge[7100301]WB-01 successful.
<WB-01><14/10/2016 14:03:31>>Weight Bridge enable=False
<WB-01><14/10/2016 14:03:31>>Open comport[COM6]
<WB-01><14/10/2016 14:10:13>>Initial Weight Bridge[7100301]WB-01 successful.
<WB-01><14/10/2016 14:10:13>>Weight Bridge enable=False
<WB-01><14/10/2016 14:10:13>>Open comport[COM6]
<WB-01><14/10/2016 14:47:30>>Initial Weight Bridge[7100301]WB-01 successful.
<WB-01><14/10/2016 14:47:30>>Weight Bridge enable=False
<WB-01><14/10/2016 14:47:30>>Open comport[COM6]
<WB-01><14/10/2016 14:48:59>>Initial Weight Bridge[7100301]WB-01 successful.
<WB-01><14/10/2016 14:48:59>>Weight Bridge enable=False
<WB-01><14/10/2016 14:48:59>>Open comport[COM6]
<WB-01><14/10/2016 14:48:59>>Open comport[COM6 : 2400,E,7,1] successfull.
<WB-01><14/10/2016 14:54:19>>Initial Weight Bridge[7100301]WB-01 successful.
<WB-01><14/10/2016 14:54:19>>Weight Bridge enable=False
<WB-01><14/10/2016 14:54:19>>Open comport[COM6]
<WB-01><14/10/2016 14:54:19>>Open comport[COM6 : 2400,E,7,1] successfull.
<WB-01><14/10/2016 15:08:57>><---------Stop process--------->
<WB-01><14/10/2016 15:16:39>>Initial Weight Bridge[7100301]WB-01 successful.
<WB-01><14/10/2016 15:16:39>>Weight Bridge enable=False
<WB-01><14/10/2016 15:16:39>>Open comport[COM6]
<WB-01><14/10/2016 15:16:39>>Open comport[COM6 : 2400,E,7,1] successfull.
<WB-01><14/10/2016 15:18:00>>Initial Weight Bridge[7100301]WB-01 successful.
<WB-01><14/10/2016 15:18:00>>Weight Bridge enable=False
<WB-01><14/10/2016 15:18:00>>Open comport[COM6]
<WB-01><14/10/2016 15:18:00>>Open comport[COM6 : 2400,E,7,1] successfull.
<WB-01><14/10/2016 15:18:49>>Initial Weight Bridge[7100301]WB-01 successful.
<WB-01><14/10/2016 15:18:49>>Weight Bridge enable=False
<WB-01><14/10/2016 15:18:49>>Open comport[COM6]
<WB-01><14/10/2016 15:18:49>>Open comport[COM6 : 2400,E,7,1] successfull.
<WB-01><14/10/2016 15:34:22>><---------Stop process--------->
<WB-01><14/10/2016 16:46:12>>Initial Weight Bridge[7100301]WB-01 successful.
<WB-01><14/10/2016 16:46:12>>Weight Bridge enable=False
<WB-01><14/10/2016 16:46:12>>Open comport[COM6]
<WB-01><14/10/2016 16:46:12>>Open comport[COM6 : 2400,E,7,1] successfull.
<WB-01><14/10/2016 16:47:04>>Initial Weight Bridge[7100301]WB-01 successful.
<WB-01><14/10/2016 16:47:04>>Weight Bridge enable=False
<WB-01><14/10/2016 16:47:04>>Open comport[COM6]
<WB-01><14/10/2016 16:47:04>>Open comport[COM6 : 2400,E,7,1] successfull.
<WB-01><14/10/2016 16:49:08>>Initial Weight Bridge[7100301]WB-01 successful.
<WB-01><14/10/2016 16:49:08>>Weight Bridge enable=False
<WB-01><14/10/2016 16:49:08>>Open comport[COM6]
<WB-01><14/10/2016 16:56:54>>Initial Weight Bridge[7100301]WB-01 successful.
<WB-01><14/10/2016 16:56:54>>Weight Bridge enable=False
<WB-01><14/10/2016 16:56:54>>Open comport[COM6]
<WB-01><14/10/2016 16:56:54>>Open comport[COM6 : 2400,E,7,1] successfull.
<WB-01><14/10/2016 16:58:41>>Initial Weight Bridge[7100301]WB-01 successful.
<WB-01><14/10/2016 16:58:41>>Weight Bridge enable=False
<WB-01><14/10/2016 16:58:41>>Open comport[COM6]
<WB-01><14/10/2016 16:58:41>>Open comport[COM6 : 2400,E,7,1] successfull.
<WB-01><14/10/2016 17:00:04>>Initial Weight Bridge[7100301]WB-01 successful.
<WB-01><14/10/2016 17:00:04>>Weight Bridge enable=False
<WB-01><14/10/2016 17:00:04>>Open comport[COM6]
<WB-01><14/10/2016 17:00:04>>Open comport[COM6 : 2400,E,7,1] successfull.
<WB-01><14/10/2016 17:01:07>>Initial Weight Bridge[7100301]WB-01 successful.
<WB-01><14/10/2016 17:01:07>>Weight Bridge enable=False
<WB-01><14/10/2016 17:01:07>>Open comport[COM6]
<WB-01><14/10/2016 17:01:07>>Open comport[COM6 : 2400,E,7,1] successfull.
<WB-01><14/10/2016 17:03:01>>Initial Weight Bridge[7100301]WB-01 successful.
<WB-01><14/10/2016 17:03:01>>Weight Bridge enable=False
<WB-01><14/10/2016 17:03:01>>Open comport[COM6]
<WB-01><14/10/2016 17:03:01>>Open comport[COM6 : 2400,E,7,1] successfull.
<WB-01><14/10/2016 17:07:25>>Initial Weight Bridge[7100301]WB-01 successful.
<WB-01><14/10/2016 17:07:25>>Weight Bridge enable=False
<WB-01><14/10/2016 17:07:25>>Open comport[COM6]
<WB-01><14/10/2016 17:07:25>>Open comport[COM6 : 2400,E,7,1] successfull.
<WB-01><14/10/2016 17:09:48>>Initial Weight Bridge[7100301]WB-01 successful.
<WB-01><14/10/2016 17:09:48>>Weight Bridge enable=False
<WB-01><14/10/2016 17:09:48>>Open comport[COM6]
<WB-01><14/10/2016 17:09:48>>Open comport[COM6 : 2400,E,7,1] successfull.
<WB-01><14/10/2016 17:14:22>>Initial Weight Bridge[7100301]WB-01 successful.
<WB-01><14/10/2016 17:14:22>>Weight Bridge enable=False
<WB-01><14/10/2016 17:14:22>>Open comport[COM6]
<WB-01><14/10/2016 17:14:22>>Open comport[COM6 : 2400,E,7,1] successfull.
<WB-01><14/10/2016 17:14:56>>Initial Weight Bridge[7100301]WB-01 successful.
<WB-01><14/10/2016 17:14:56>>Weight Bridge enable=False
<WB-01><14/10/2016 17:14:56>>Open comport[COM6]
<WB-01><14/10/2016 17:14:57>>Open comport[COM6 : 2400,E,7,1] successfull.
<WB-01><14/10/2016 17:21:24>>Initial Weight Bridge[7100301]WB-01 successful.
<WB-01><14/10/2016 17:21:24>>Weight Bridge enable=False
<WB-01><14/10/2016 17:21:24>>Open comport[COM6]
<WB-01><14/10/2016 17:21:24>>Open comport[COM6 : 2400,E,7,1] successfull.
<WB-01><14/10/2016 17:23:54>>Initial Weight Bridge[7100301]WB-01 successful.
<WB-01><14/10/2016 17:23:54>>Weight Bridge enable=False
<WB-01><14/10/2016 17:23:54>>Open comport[COM6]
<WB-01><14/10/2016 17:23:54>>Open comport[COM6 : 2400,E,7,1] successfull.
<WB-01><14/10/2016 17:25:32>>Initial Weight Bridge[7100301]WB-01 successful.
<WB-01><14/10/2016 17:25:32>>Weight Bridge enable=False
<WB-01><14/10/2016 17:25:32>>Open comport[COM6]
<WB-01><14/10/2016 17:25:32>>Open comport[COM6 : 2400,E,7,1] successfull.
<WB-01><14/10/2016 17:34:26>>Initial Weight Bridge[7100301]WB-01 successful.
<WB-01><14/10/2016 17:34:26>>Weight Bridge enable=False
<WB-01><14/10/2016 17:34:26>>Open comport[COM6]
<WB-01><14/10/2016 17:34:26>>Open comport[COM6 : 2400,E,7,1] successfull.
<WB-01><14/10/2016 17:36:16>>Initial Weight Bridge[7100301]WB-01 successful.
<WB-01><14/10/2016 17:36:16>>Weight Bridge enable=False
<WB-01><14/10/2016 17:36:16>>Open comport[COM6]
<WB-01><14/10/2016 17:36:16>>Open comport[COM6 : 2400,E,7,1] successfull.
<WB-01><14/10/2016 17:38:58>>Initial Weight Bridge[7100301]WB-01 successful.
<WB-01><14/10/2016 17:38:58>>Weight Bridge enable=False
<WB-01><14/10/2016 17:38:58>>Open comport[COM6]
<WB-01><14/10/2016 17:38:58>>Open comport[COM6 : 2400,E,7,1] successfull.
<WB-01><14/10/2016 17:40:12>>Initial Weight Bridge[7100301]WB-01 successful.
<WB-01><14/10/2016 17:40:12>>Weight Bridge enable=False
<WB-01><14/10/2016 17:40:12>>Open comport[COM6]
<WB-01><14/10/2016 17:40:12>>Open comport[COM6 : 2400,E,7,1] successfull.
<WB-01><14/10/2016 18:08:51>><---------Stop process--------->
<WB-01><14/10/2016 18:10:14>>Initial Weight Bridge[7100301]WB-01 successful.
<WB-01><14/10/2016 18:10:14>>Weight Bridge enable=False
<WB-01><14/10/2016 18:10:14>>Open comport[COM6]
<WB-01><14/10/2016 18:10:14>>Open comport[COM6 : 2400,E,7,1] successfull.
<WB-01><14/10/2016 18:11:04>><---------Stop process--------->
