<WB-01><22/09/2016 15:05:11>><---------Stop process--------->
<WB-01><22/09/2016 15:06:17>>Initial Weight Bridge[7100301]WB-01 successful.
<WB-01><22/09/2016 15:06:17>>Weight Bridge enable=False
<WB-01><22/09/2016 15:07:25>>Open comport[COM14]
<WB-01><22/09/2016 15:10:10>>Initial Weight Bridge[7100301]WB-01 successful.
<WB-01><22/09/2016 15:10:10>>Weight Bridge enable=False
<WB-01><22/09/2016 15:10:10>>Open comport[COM14]
<WB-01><22/09/2016 15:12:47>><---------Stop process--------->
<WB-01><22/09/2016 15:23:56>>Initial Weight Bridge[7100301]WB-01 successful.
<WB-01><22/09/2016 15:23:56>>Weight Bridge enable=False
<WB-01><22/09/2016 15:23:56>>Open comport[COM14]
<WB-01><22/09/2016 15:24:14>><---------Stop process--------->
<WB-01><22/09/2016 15:25:03>>Initial Weight Bridge[7100301]WB-01 successful.
<WB-01><22/09/2016 15:25:03>>Weight Bridge enable=False
<WB-01><22/09/2016 15:25:03>>Open comport[COM14]
<WB-01><22/09/2016 15:27:57>>Initial Weight Bridge[7100301]WB-01 successful.
<WB-01><22/09/2016 15:27:57>>Weight Bridge enable=False
<WB-01><22/09/2016 15:27:57>>Open comport[COM14]
<WB-01><22/09/2016 15:29:20>>Initial Weight Bridge[7100301]WB-01 successful.
<WB-01><22/09/2016 15:29:20>>Weight Bridge enable=False
<WB-01><22/09/2016 15:29:20>>Open comport[COM14]
<WB-01><22/09/2016 15:47:43>>Initial Weight Bridge[7100301]WB-01 successful.
<WB-01><22/09/2016 15:47:43>>Weight Bridge enable=False
<WB-01><22/09/2016 15:47:43>>Open comport[COM14]
<WB-01><22/09/2016 15:53:26>>Initial Weight Bridge[7100301]WB-01 successful.
<WB-01><22/09/2016 15:53:26>>Weight Bridge enable=False
<WB-01><22/09/2016 15:53:26>>Open comport[COM14]
<WB-01><22/09/2016 16:00:21>>Initial Weight Bridge[7100301]WB-01 successful.
<WB-01><22/09/2016 16:00:21>>Weight Bridge enable=False
<WB-01><22/09/2016 16:00:21>>Open comport[COM6]
<WB-01><22/09/2016 16:00:21>>Open comport[COM6 : 2400,E,7,1] successfull.
<WB-01><22/09/2016 16:01:17>>Initial Weight Bridge[7100301]WB-01 successful.
<WB-01><22/09/2016 16:01:17>>Weight Bridge enable=False
<WB-01><22/09/2016 16:01:17>>Open comport[COM6]
<WB-01><22/09/2016 16:01:17>>Open comport[COM6 : 2400,E,7,1] successfull.
