19/10/2016 18:22:21 <Open Dynaset Error> select WEIGHT_BRIDGE_ID,WEIGHT_BRIDGE_NAME ,COMP_ID,COMPORT_NO,COMPORT_SETTING,IS_ENABLED from tas.view_wb_comport  where rownum = 1
19/10/2016 18:22:21 <Open Dynaset Error> Oracle.DataAccess.Client.OracleException ORA-00904: "IS_ENABLED": invalid identifier    at Oracle.DataAccess.Client.OracleException.HandleErrorHelper(Int32 errCode, OracleConnection conn, IntPtr opsErrCtx, OpoSqlValCtx* pOpoSqlValCtx, Object src, String procedure, Boolean bCheck)
   at Oracle.DataAccess.Client.OracleException.HandleError(Int32 errCode, OracleConnection conn, String procedure, IntPtr opsErrCtx, OpoSqlValCtx* pOpoSqlValCtx, Object src, Boolean bCheck)
   at Oracle.DataAccess.Client.OracleCommand.ExecuteReader(Boolean requery, Boolean fillRequest, CommandBehavior behavior)
   at Oracle.DataAccess.Client.OracleDataAdapter.Fill(DataSet dataSet, Int32 startRecord, Int32 maxRecords, String srcTable, IDbCommand command, CommandBehavior behavior)
   at System.Data.Common.DbDataAdapter.Fill(DataSet dataSet, String srcTable)
   at PWeightBridge.COracle.OpenDys(String pStrSQL, String pTableName, DataSet& pDataSet, String& SQL_Execution_Error) in E:\งาน\G15-026_TAM\LLTLB\UPDATE CODE\22082016\PWeightBridge\classs\COracle.vb:line 227
19/10/2016 18:22:25 <Open Dynaset Error> select WEIGHT_BRIDGE_ID,WEIGHT_BRIDGE_NAME ,COMP_ID,COMPORT_NO,COMPORT_SETTING,IS_ENABLED from tas.view_wb_comport  where rownum = 1
19/10/2016 18:22:26 <Open Dynaset Error> Oracle.DataAccess.Client.OracleException ORA-00904: "IS_ENABLED": invalid identifier    at Oracle.DataAccess.Client.OracleException.HandleErrorHelper(Int32 errCode, OracleConnection conn, IntPtr opsErrCtx, OpoSqlValCtx* pOpoSqlValCtx, Object src, String procedure, Boolean bCheck)
   at Oracle.DataAccess.Client.OracleException.HandleError(Int32 errCode, OracleConnection conn, String procedure, IntPtr opsErrCtx, OpoSqlValCtx* pOpoSqlValCtx, Object src, Boolean bCheck)
   at Oracle.DataAccess.Client.OracleCommand.ExecuteReader(Boolean requery, Boolean fillRequest, CommandBehavior behavior)
   at Oracle.DataAccess.Client.OracleDataAdapter.Fill(DataSet dataSet, Int32 startRecord, Int32 maxRecords, String srcTable, IDbCommand command, CommandBehavior behavior)
   at System.Data.Common.DbDataAdapter.Fill(DataSet dataSet, String srcTable)
   at PWeightBridge.COracle.OpenDys(String pStrSQL, String pTableName, DataSet& pDataSet, String& SQL_Execution_Error) in E:\งาน\G15-026_TAM\LLTLB\UPDATE CODE\22082016\PWeightBridge\classs\COracle.vb:line 227
19/10/2016 18:22:29 <Open Dynaset Error> select WEIGHT_BRIDGE_ID,WEIGHT_BRIDGE_NAME ,COMP_ID,COMPORT_NO,COMPORT_SETTING,IS_ENABLED from tas.view_wb_comport  where rownum = 1
19/10/2016 18:22:29 <Open Dynaset Error> Oracle.DataAccess.Client.OracleException ORA-00904: "IS_ENABLED": invalid identifier    at Oracle.DataAccess.Client.OracleException.HandleErrorHelper(Int32 errCode, OracleConnection conn, IntPtr opsErrCtx, OpoSqlValCtx* pOpoSqlValCtx, Object src, String procedure, Boolean bCheck)
   at Oracle.DataAccess.Client.OracleException.HandleError(Int32 errCode, OracleConnection conn, String procedure, IntPtr opsErrCtx, OpoSqlValCtx* pOpoSqlValCtx, Object src, Boolean bCheck)
   at Oracle.DataAccess.Client.OracleCommand.ExecuteReader(Boolean requery, Boolean fillRequest, CommandBehavior behavior)
   at Oracle.DataAccess.Client.OracleDataAdapter.Fill(DataSet dataSet, Int32 startRecord, Int32 maxRecords, String srcTable, IDbCommand command, CommandBehavior behavior)
   at System.Data.Common.DbDataAdapter.Fill(DataSet dataSet, String srcTable)
   at PWeightBridge.COracle.OpenDys(String pStrSQL, String pTableName, DataSet& pDataSet, String& SQL_Execution_Error) in E:\งาน\G15-026_TAM\LLTLB\UPDATE CODE\22082016\PWeightBridge\classs\COracle.vb:line 227
