14/10/2016 12:17:05 <Open Dynaset Error> select t.*,w.COPort_SETTING,w.COMP_ID  from view_cr_initail_wb t,view_cr_comporrt_wb w  where t.CARD_READER_ID = w.CARD_READER_ID  order by w.COMP_ID
14/10/2016 12:17:05 <Open Dynaset Error> Oracle.DataAccess.Client.OracleException ORA-00904: "W"."COPORT_SETTING": invalid identifier    at Oracle.DataAccess.Client.OracleException.HandleErrorHelper(Int32 errCode, OracleConnection conn, IntPtr opsErrCtx, OpoSqlValCtx* pOpoSqlValCtx, Object src, String procedure, Boolean bCheck)
   at Oracle.DataAccess.Client.OracleException.HandleError(Int32 errCode, OracleConnection conn, String procedure, IntPtr opsErrCtx, OpoSqlValCtx* pOpoSqlValCtx, Object src, Boolean bCheck)
   at Oracle.DataAccess.Client.OracleCommand.ExecuteReader(Boolean requery, Boolean fillRequest, CommandBehavior behavior)
   at Oracle.DataAccess.Client.OracleDataAdapter.Fill(DataSet dataSet, Int32 startRecord, Int32 maxRecords, String srcTable, IDbCommand command, CommandBehavior behavior)
   at System.Data.Common.DbDataAdapter.Fill(DataSet dataSet, String srcTable)
   at PWeightBridge.COracle.OpenDys(String pStrSQL, String pTableName, DataSet& pDataSet, String& SQL_Execution_Error) in E:\งาน\G15-026_TAM\LLTLB\UPDATE CODE\22082016\PWeightBridge\classs\COracle.vb:line 227
14/10/2016 12:17:54 <Open Dynaset Error> select t.*,w.COPort_SETTING,w.COMP_ID  from view_cr_initail_wb t,view_cr_comporrt_wb w  where t.CARD_READER_ID = w.CARD_READER_ID  order by w.COMP_ID
14/10/2016 12:17:54 <Open Dynaset Error> Oracle.DataAccess.Client.OracleException ORA-00904: "W"."COPORT_SETTING": invalid identifier    at Oracle.DataAccess.Client.OracleException.HandleErrorHelper(Int32 errCode, OracleConnection conn, IntPtr opsErrCtx, OpoSqlValCtx* pOpoSqlValCtx, Object src, String procedure, Boolean bCheck)
   at Oracle.DataAccess.Client.OracleException.HandleError(Int32 errCode, OracleConnection conn, String procedure, IntPtr opsErrCtx, OpoSqlValCtx* pOpoSqlValCtx, Object src, Boolean bCheck)
   at Oracle.DataAccess.Client.OracleCommand.ExecuteReader(Boolean requery, Boolean fillRequest, CommandBehavior behavior)
   at Oracle.DataAccess.Client.OracleDataAdapter.Fill(DataSet dataSet, Int32 startRecord, Int32 maxRecords, String srcTable, IDbCommand command, CommandBehavior behavior)
   at System.Data.Common.DbDataAdapter.Fill(DataSet dataSet, String srcTable)
   at PWeightBridge.COracle.OpenDys(String pStrSQL, String pTableName, DataSet& pDataSet, String& SQL_Execution_Error) in E:\งาน\G15-026_TAM\LLTLB\UPDATE CODE\22082016\PWeightBridge\classs\COracle.vb:line 227
14/10/2016 12:18:12 <Open Dynaset Error> select t.*,w.COPort_SETTING,w.COMP_ID  from view_cr_initail_wb t,view_cr_comporrt_wb w  where t.CARD_READER_ID = w.CARD_READER_ID  order by w.COMP_ID
14/10/2016 12:18:12 <Open Dynaset Error> Oracle.DataAccess.Client.OracleException ORA-00904: "W"."COPORT_SETTING": invalid identifier    at Oracle.DataAccess.Client.OracleException.HandleErrorHelper(Int32 errCode, OracleConnection conn, IntPtr opsErrCtx, OpoSqlValCtx* pOpoSqlValCtx, Object src, String procedure, Boolean bCheck)
   at Oracle.DataAccess.Client.OracleException.HandleError(Int32 errCode, OracleConnection conn, String procedure, IntPtr opsErrCtx, OpoSqlValCtx* pOpoSqlValCtx, Object src, Boolean bCheck)
   at Oracle.DataAccess.Client.OracleCommand.ExecuteReader(Boolean requery, Boolean fillRequest, CommandBehavior behavior)
   at Oracle.DataAccess.Client.OracleDataAdapter.Fill(DataSet dataSet, Int32 startRecord, Int32 maxRecords, String srcTable, IDbCommand command, CommandBehavior behavior)
   at System.Data.Common.DbDataAdapter.Fill(DataSet dataSet, String srcTable)
   at PWeightBridge.COracle.OpenDys(String pStrSQL, String pTableName, DataSet& pDataSet, String& SQL_Execution_Error) in E:\งาน\G15-026_TAM\LLTLB\UPDATE CODE\22082016\PWeightBridge\classs\COracle.vb:line 227
