<><10/02/2017 11:38:35>>Initial Weight Bridge[0] successful.
<><10/02/2017 11:38:35>>Weight Bridge enable=False
<><10/02/2017 11:38:35>>Open comport[]
<><10/02/2017 11:38:35>>No data Card Reader[0]
<><10/02/2017 11:38:35>>Open comport[]
<><10/02/2017 11:38:49>><---------Stop process--------->
<><10/02/2017 11:41:26>>Initial Weight Bridge[0] successful.
<><10/02/2017 11:41:26>>Weight Bridge enable=False
<><10/02/2017 11:41:26>>Open comport[]
<><10/02/2017 11:41:26>>Open comport[]
<><10/02/2017 11:41:43>><---------Stop process--------->
<><10/02/2017 11:42:43>>Initial Weight Bridge[0] successful.
<><10/02/2017 11:42:43>>Weight Bridge enable=False
<><10/02/2017 11:42:43>>Open comport[]
<><10/02/2017 11:42:55>><---------Stop process--------->
<><10/02/2017 11:44:07>>Initial Weight Bridge[0] successful.
<><10/02/2017 11:44:07>>Weight Bridge enable=False
<><10/02/2017 11:44:07>>Open comport[]
<><10/02/2017 11:44:07>>No data Card Reader[0]
<><10/02/2017 11:44:07>>No data Card Reader[0]
<><10/02/2017 11:44:07>>No data Card Reader[0]
<><10/02/2017 11:44:07>>No data Card Reader[0]
<><10/02/2017 11:44:07>>No data Card Reader[0]
<><10/02/2017 11:44:07>>No data Card Reader[0]
<><10/02/2017 11:44:07>>No data Card Reader[0]
<><10/02/2017 11:44:07>>No data Card Reader[0]
<><10/02/2017 11:44:07>>No data Card Reader[0]
<><10/02/2017 11:44:07>>No data Card Reader[0]
<><10/02/2017 11:44:07>>No data Card Reader[0]
<><10/02/2017 11:44:07>>No data Card Reader[0]
<><10/02/2017 11:44:07>>No data Card Reader[0]
<><10/02/2017 11:44:07>>No data Card Reader[0]
<><10/02/2017 11:44:07>>No data Card Reader[0]
<><10/02/2017 11:44:07>>No data Card Reader[0]
<><10/02/2017 11:44:07>>No data Card Reader[0]
<><10/02/2017 11:44:07>>No data Card Reader[0]
<><10/02/2017 11:44:07>>No data Card Reader[0]
