<CR-301><30/03/2016 11:01:39>>Initial Card Reader[1100301]Address=1: COM22 9600,N,8,1 successful.
<CR-301><30/03/2016 11:01:39>>Initial Card Reader[1100301]Address=1: COM22 9600,N,8,1 successful.
<CR-301><30/03/2016 11:01:39>>Card Reader enable=False
<CR-301><30/03/2016 11:01:39>>Open comport[COM22]
<CR-301><30/03/2016 11:01:39>>Open comport[COM22 : 9600,N,8,1] successfull.
<CR-301><30/03/2016 11:01:40>>CR-301connect = True
<CR-301><30/03/2016 11:02:47>>Initial Card Reader[1100301]Address=1: COM22 9600,N,8,1 successful.
<CR-301><30/03/2016 11:02:47>>Initial Card Reader[1100301]Address=1: COM22 9600,N,8,1 successful.
<CR-301><30/03/2016 11:02:47>>Card Reader enable=False
<CR-301><30/03/2016 11:02:47>>Open comport[COM22]
<CR-301><30/03/2016 11:02:47>>Open comport[COM22 : 9600,N,8,1] successfull.
<CR-301><30/03/2016 11:02:47>>CR-301connect = True
<CR-301><30/03/2016 11:04:28>>Touch Card code = 8223494
<CR-301><30/03/2016 11:04:28>>[ชั่งเข้า] ไม่ได้อยู่ในกระบวนการชั่งน้ำหนักของบัตร [8223494][9999/] : (71 - รูดบัตรที่ชั่งออก)[9000Kg]
<CR-301><30/03/2016 11:04:28>>95 REPORT TO OFFICE-WEIGHT INVALID
<CR-301><30/03/2016 11:04:37>>Touch Card code = 8223494
<CR-301><30/03/2016 11:04:37>>[ชั่งเข้า] ไม่ได้อยู่ในกระบวนการชั่งน้ำหนักของบัตร [8223494][9999/] : (71 - รูดบัตรที่ชั่งออก)[9000Kg]
<CR-301><30/03/2016 11:04:37>>95 REPORT TO OFFICE-WEIGHT INVALID
<CR-301><30/03/2016 11:04:45>>Touch Card code = 8223494
<CR-301><30/03/2016 11:04:45>>[ชั่งเข้า] ไม่ได้อยู่ในกระบวนการชั่งน้ำหนักของบัตร [8223494][9999/] : (71 - รูดบัตรที่ชั่งออก)[9000Kg]
<CR-301><30/03/2016 11:04:45>>95 REPORT TO OFFICE-WEIGHT INVALID
<CR-301><30/03/2016 11:04:54>>Touch Card code = 8223494
<CR-301><30/03/2016 11:04:54>>[ชั่งเข้า] ไม่ได้อยู่ในกระบวนการชั่งน้ำหนักของบัตร [8223494][9999/] : (71 - รูดบัตรที่ชั่งออก)[9000Kg]
<CR-301><30/03/2016 11:04:54>>95 REPORT TO OFFICE-WEIGHT INVALID
<CR-301><30/03/2016 11:15:59>>Touch Card code = 8223494
<CR-301><30/03/2016 11:15:59>>[ชั่งเข้า] ไม่ได้อยู่ในกระบวนการชั่งน้ำหนักของบัตร [8223494][9999/] : (71 - รูดบัตรที่ชั่งออก)[9000Kg]
<CR-301><30/03/2016 11:15:59>>95 REPORT TO OFFICE-WEIGHT INVALID
<CR-301><30/03/2016 11:16:06>>Enter Key = F7
<CR-301><30/03/2016 11:16:14>>Enter Key = F6
<CR-301><30/03/2016 11:16:14>>Enter card code
<CR-301><30/03/2016 11:16:35>>Enter key = F6
<CR-301><30/03/2016 11:16:39>>Touch Card code = 8223494
<CR-301><30/03/2016 11:16:39>>[ชั่งเข้า] ไม่ได้อยู่ในกระบวนการชั่งน้ำหนักของบัตร [8223494][9999/] : (71 - รูดบัตรที่ชั่งออก)[9000Kg]
<CR-301><30/03/2016 11:16:39>>95 REPORT TO OFFICE-WEIGHT INVALID
<CR-301><30/03/2016 11:16:51>>Touch Card code = 8223494
<CR-301><30/03/2016 11:16:51>>[ชั่งเข้า] ไม่ได้อยู่ในกระบวนการชั่งน้ำหนักของบัตร [8223494][9999/] : (71 - รูดบัตรที่ชั่งออก)[9000Kg]
<CR-301><30/03/2016 11:16:51>>95 REPORT TO OFFICE-WEIGHT INVALID
<CR-301><30/03/2016 11:16:59>>Enter Key = F3
<CR-301><30/03/2016 11:17:02>>Touch Card code = 8223494
<CR-301><30/03/2016 11:17:02>>[ชั่งเข้า] ไม่ได้อยู่ในกระบวนการชั่งน้ำหนักของบัตร [8223494][9999/] : (71 - รูดบัตรที่ชั่งออก)[9000Kg]
<CR-301><30/03/2016 11:17:02>>95 REPORT TO OFFICE-WEIGHT INVALID
<CR-301><30/03/2016 11:17:10>>Enter Key = F7
<CR-301><30/03/2016 11:17:14>>Touch Card code = 8223494
<CR-301><30/03/2016 11:17:14>>[ชั่งเข้า] ไม่ได้อยู่ในกระบวนการชั่งน้ำหนักของบัตร [8223494][9999/] : (71 - รูดบัตรที่ชั่งออก)[9000Kg]
<CR-301><30/03/2016 11:17:14>>95 REPORT TO OFFICE-WEIGHT INVALID
<CR-301><30/03/2016 11:17:21>>Touch Card code = 8223494
<CR-301><30/03/2016 11:17:21>>[ชั่งเข้า] ไม่ได้อยู่ในกระบวนการชั่งน้ำหนักของบัตร [8223494][9999/] : (71 - รูดบัตรที่ชั่งออก)[9000Kg]
<CR-301><30/03/2016 11:17:21>>95 REPORT TO OFFICE-WEIGHT INVALID
<CR-301><30/03/2016 11:21:00>><---------Stop process--------->
<CR-301><30/03/2016 11:38:11>>Initial Card Reader[1100301]Address=1: COM22 9600,N,8,1 successful.
<CR-301><30/03/2016 11:38:11>>Initial Card Reader[1100301]Address=1: COM22 9600,N,8,1 successful.
<CR-301><30/03/2016 11:38:11>>Card Reader enable=False
<CR-301><30/03/2016 11:38:11>>Open comport[COM22]
<CR-301><30/03/2016 11:38:11>>Open comport[COM22 : 9600,N,8,1] successfull.
<CR-301><30/03/2016 11:38:11>>CR-301connect = True
<CR-301><30/03/2016 11:38:23>><---------Stop process--------->
