<CR-11008><16/12/2015 09:01:59>>Initial Card Reader[13101]Address=1: COM3 9600,N,8,1 successful.
<CR-11008><16/12/2015 09:01:59>>Card Reader enable=True
<CR-11008><16/12/2015 09:01:59>>Open comport[COM3]
<CR-11008><16/12/2015 09:01:59>>Open comport[COM3 : 9600,N,8,1] successfull.
<CR-11008><16/12/2015 09:01:59>>CR-11008connect = True
<CR-11008><16/12/2015 09:04:08>><---------Stop process--------->
<CR-11008><16/12/2015 09:05:10>>Initial Card Reader[13101]Address=1: COM3 9600,N,8,1 successful.
<CR-11008><16/12/2015 09:05:10>>Card Reader enable=True
<CR-11008><16/12/2015 09:05:10>>Open comport[COM3]
<CR-11008><16/12/2015 09:05:11>>Open comport[COM3 : 9600,N,8,1] successfull.
<CR-11008><16/12/2015 09:05:11>>CR-11008connect = True
<CR-11008><16/12/2015 09:06:26>>Touch Card code = 9866331
<CR-11008><16/12/2015 09:06:26>>[ชั่งเบา]หมายเลขบัตร [9866331] ตรวจสอบข้อมูลถูกต้อง Card Type= 1
<CR-11008><16/12/2015 09:06:27>>Begin weight loading...
<CR-11008><16/12/2015 09:06:27>>Weight in.
<CR-11008><16/12/2015 09:06:41>>Enter Key = F3
<CR-11008><16/12/2015 09:06:41>>Cancel weight in2
<CR-11008><16/12/2015 09:06:41>>End weight loading...
<CR-11008><16/12/2015 09:06:45>>Touch Card code = 9866331
<CR-11008><16/12/2015 09:06:45>>[ชั่งเบา]หมายเลขบัตร [9866331] ตรวจสอบข้อมูลถูกต้อง Card Type= 1
<CR-11008><16/12/2015 09:06:45>>Begin weight loading...
<CR-11008><16/12/2015 09:06:45>>Weight in.
<CR-11008><16/12/2015 09:07:06>>Enter Key = F3
<CR-11008><16/12/2015 09:07:06>>Cancel weight in2
<CR-11008><16/12/2015 09:07:06>>End weight loading...
<CR-11008><16/12/2015 09:07:10>>Touch Card code = 9866331
<CR-11008><16/12/2015 09:07:10>>[ชั่งเบา]หมายเลขบัตร [9866331] ตรวจสอบข้อมูลถูกต้อง Card Type= 1
<CR-11008><16/12/2015 09:07:10>>Begin weight loading...
<CR-11008><16/12/2015 09:07:10>>Weight in.
<CR-11008><16/12/2015 09:07:19>>Touch Card code = 9866331
<CR-11008><16/12/2015 09:07:19>>[ชั่งเข้า] หมายเลขบัตร [9866331] ของทะเบียนรถ [1234567] มีน้ำหนักชั่งเข้า= 17000 Kg
<CR-11008><16/12/2015 09:07:19>>End weight loading...
<CR-11008><16/12/2015 09:07:23>>Touch Card code = 9866331
<CR-11008><16/12/2015 09:07:23>>[ชั่งเบา]หมายเลขบัตร [9866331] ตรวจสอบข้อมูลถูกต้อง Card Type= 1
<CR-11008><16/12/2015 09:07:23>>Begin weight loading...
<CR-11008><16/12/2015 09:07:23>>Weight in.
<CR-11008><16/12/2015 09:07:33>>Touch Card code = 9866331
<CR-11008><16/12/2015 09:07:33>>[ชั่งเข้า] หมายเลขบัตร [9866331] ของทะเบียนรถ [1234567] มีน้ำหนักชั่งเข้า= 17000 Kg
<CR-11008><16/12/2015 09:07:33>>End weight loading...
<CR-11008><16/12/2015 09:07:36>>Touch Card code = 9866331
<CR-11008><16/12/2015 09:07:36>>[ชั่งเบา]หมายเลขบัตร [9866331] ตรวจสอบข้อมูลถูกต้อง Card Type= 1
<CR-11008><16/12/2015 09:07:36>>Begin weight loading...
<CR-11008><16/12/2015 09:07:36>>Weight in.
<CR-11008><16/12/2015 09:07:57>>Touch Card code = 9866331
<CR-11008><16/12/2015 09:07:57>>[ชั่งเข้า] หมายเลขบัตร [9866331] ของทะเบียนรถ [1234567] มีน้ำหนักชั่งเข้า= 17000 Kg
<CR-11008><16/12/2015 09:07:57>>End weight loading...
<CR-11008><16/12/2015 09:08:04>>Enter Key = F3
<CR-11008><16/12/2015 09:08:06>>Touch Card code = 9866331
<CR-11008><16/12/2015 09:08:06>>[ชั่งเบา]หมายเลขบัตร [9866331] ตรวจสอบข้อมูลถูกต้อง Card Type= 1
<CR-11008><16/12/2015 09:08:06>>Begin weight loading...
<CR-11008><16/12/2015 09:08:06>>Weight in.
<CR-11008><16/12/2015 09:08:16>>Enter Key = F6
<CR-11008><16/12/2015 09:08:16>>Enter card code
<CR-11008><16/12/2015 09:08:24>>Enter key = 9866331
<CR-11008><16/12/2015 09:08:24>>[ชั่งเข้า] หมายเลขบัตร [9866331] ของทะเบียนรถ [1234567] มีน้ำหนักชั่งเข้า= 17000 Kg
<CR-11008><16/12/2015 09:08:24>>End weight loading...
<CR-11008><16/12/2015 09:08:32>>Touch Card code = 9866331
<CR-11008><16/12/2015 09:08:32>>[ชั่งเบา]หมายเลขบัตร [9866331] ตรวจสอบข้อมูลถูกต้อง Card Type= 1
<CR-11008><16/12/2015 09:08:32>>Begin weight loading...
<CR-11008><16/12/2015 09:08:32>>Weight in.
<CR-11008><16/12/2015 09:08:42>>Touch Card code = 9866331
<CR-11008><16/12/2015 09:08:42>>[ชั่งเข้า] หมายเลขบัตร [9866331] ของทะเบียนรถ [1234567] มีน้ำหนักชั่งเข้า= 17000 Kg
<CR-11008><16/12/2015 09:08:42>>End weight loading...
<CR-11008><16/12/2015 09:08:46>>Touch Card code = 9866331
<CR-11008><16/12/2015 09:08:46>>[ชั่งเบา]หมายเลขบัตร [9866331] ตรวจสอบข้อมูลถูกต้อง Card Type= 1
<CR-11008><16/12/2015 09:08:46>>Begin weight loading...
<CR-11008><16/12/2015 09:08:46>>Weight in.
<CR-11008><16/12/2015 09:08:50>>Touch Card code = 9866331
<CR-11008><16/12/2015 09:08:50>>[ชั่งเข้า] หมายเลขบัตร [9866331] ของทะเบียนรถ [1234567] มีน้ำหนักชั่งเข้า= 17000 Kg
<CR-11008><16/12/2015 09:08:50>>End weight loading...
<CR-11008><16/12/2015 09:08:53>>Touch Card code = 9866331
<CR-11008><16/12/2015 09:08:53>>[ชั่งเบา]หมายเลขบัตร [9866331] ตรวจสอบข้อมูลถูกต้อง Card Type= 1
<CR-11008><16/12/2015 09:08:53>>Begin weight loading...
<CR-11008><16/12/2015 09:08:53>>Weight in.
<CR-11008><16/12/2015 09:08:57>>Touch Card code = 9866331
<CR-11008><16/12/2015 09:08:57>>[ชั่งเข้า] หมายเลขบัตร [9866331] ของทะเบียนรถ [1234567] มีน้ำหนักชั่งเข้า= 17000 Kg
<CR-11008><16/12/2015 09:08:57>>End weight loading...
<CR-11008><16/12/2015 09:09:01>>Touch Card code = 9866331
<CR-11008><16/12/2015 09:09:01>>[ชั่งเบา]หมายเลขบัตร [9866331] ตรวจสอบข้อมูลถูกต้อง Card Type= 1
<CR-11008><16/12/2015 09:09:01>>Begin weight loading...
<CR-11008><16/12/2015 09:09:01>>Weight in.
<CR-11008><16/12/2015 09:09:24>>Touch Card code = 9866331
<CR-11008><16/12/2015 09:09:24>>[ชั่งเข้า] หมายเลขบัตร [9866331] ของทะเบียนรถ [1234567] มีน้ำหนักชั่งเข้า= 17000 Kg
<CR-11008><16/12/2015 09:09:24>>End weight loading...
<CR-11008><16/12/2015 09:09:30>>Touch Card code = 9866331
<CR-11008><16/12/2015 09:09:30>>[ชั่งเบา]หมายเลขบัตร [9866331] ตรวจสอบข้อมูลถูกต้อง Card Type= 1
<CR-11008><16/12/2015 09:09:30>>Begin weight loading...
<CR-11008><16/12/2015 09:09:30>>Weight in.
<CR-11008><16/12/2015 09:09:36>>Enter Key = F6
<CR-11008><16/12/2015 09:09:36>>Enter card code
<CR-11008><16/12/2015 09:09:44>>Enter key = 9866331
<CR-11008><16/12/2015 09:09:44>>[ชั่งเข้า] หมายเลขบัตร [9866331] ของทะเบียนรถ [1234567] มีน้ำหนักชั่งเข้า= 17000 Kg
<CR-11008><16/12/2015 09:09:44>>End weight loading...
<CR-11008><16/12/2015 09:09:51>>Touch Card code = 9866331
<CR-11008><16/12/2015 09:09:51>>[ชั่งเบา]หมายเลขบัตร [9866331] ตรวจสอบข้อมูลถูกต้อง Card Type= 1
<CR-11008><16/12/2015 09:09:51>>Begin weight loading...
<CR-11008><16/12/2015 09:09:51>>Weight in.
<CR-11008><16/12/2015 09:09:58>>Touch Card code = 9866331
<CR-11008><16/12/2015 09:09:58>>[ชั่งเข้า] หมายเลขบัตร [9866331] ของทะเบียนรถ [1234567] มีน้ำหนักชั่งเข้า= 17000 Kg
<CR-11008><16/12/2015 09:09:58>>End weight loading...
<CR-11008><16/12/2015 09:10:01>>Touch Card code = 9866331
<CR-11008><16/12/2015 09:10:01>>[ชั่งเบา]หมายเลขบัตร [9866331] ตรวจสอบข้อมูลถูกต้อง Card Type= 1
<CR-11008><16/12/2015 09:10:01>>Begin weight loading...
<CR-11008><16/12/2015 09:10:01>>Weight in.
<CR-11008><16/12/2015 09:10:21>>Touch Card code = 9866331
<CR-11008><16/12/2015 09:10:21>>[ชั่งเข้า] หมายเลขบัตร [9866331] ของทะเบียนรถ [1234567] มีน้ำหนักชั่งเข้า= 17000 Kg
<CR-11008><16/12/2015 09:10:21>>End weight loading...
<CR-11008><16/12/2015 09:10:26>>Touch Card code = 9866331
<CR-11008><16/12/2015 09:10:26>>[ชั่งเบา]หมายเลขบัตร [9866331] ตรวจสอบข้อมูลถูกต้อง Card Type= 1
<CR-11008><16/12/2015 09:10:26>>Begin weight loading...
<CR-11008><16/12/2015 09:10:26>>Weight in.
<CR-11008><16/12/2015 09:10:38>>Touch Card code = 9866331
<CR-11008><16/12/2015 09:10:38>>[ชั่งเข้า] หมายเลขบัตร [9866331] ของทะเบียนรถ [1234567] มีน้ำหนักชั่งเข้า= 17000 Kg
<CR-11008><16/12/2015 09:10:38>>End weight loading...
<CR-11008><16/12/2015 09:10:42>>Touch Card code = 9866331
<CR-11008><16/12/2015 09:10:42>>[ชั่งเบา]หมายเลขบัตร [9866331] ตรวจสอบข้อมูลถูกต้อง Card Type= 1
<CR-11008><16/12/2015 09:10:42>>Begin weight loading...
<CR-11008><16/12/2015 09:10:42>>Weight in.
<CR-11008><16/12/2015 09:10:57>>Touch Card code = 9866331
<CR-11008><16/12/2015 09:10:57>>[ชั่งเข้า] หมายเลขบัตร [9866331] ของทะเบียนรถ [1234567] มีน้ำหนักชั่งเข้า= 17000 Kg
<CR-11008><16/12/2015 09:10:57>>End weight loading...
<CR-11008><16/12/2015 09:10:59>>Touch Card code = 9866331
<CR-11008><16/12/2015 09:10:59>>[ชั่งเบา]หมายเลขบัตร [9866331] ตรวจสอบข้อมูลถูกต้อง Card Type= 1
<CR-11008><16/12/2015 09:10:59>>Begin weight loading...
<CR-11008><16/12/2015 09:10:59>>Weight in.
<CR-11008><16/12/2015 09:11:03>>Touch Card code = 9866331
<CR-11008><16/12/2015 09:11:03>>[ชั่งเข้า] หมายเลขบัตร [9866331] ของทะเบียนรถ [1234567] มีน้ำหนักชั่งเข้า= 17000 Kg
<CR-11008><16/12/2015 09:11:03>>End weight loading...
<CR-11008><16/12/2015 09:12:07>><---------Stop process--------->
<CR-11008><16/12/2015 09:20:58>>Initial Card Reader[13101]Address=1: COM3 9600,N,8,1 successful.
<CR-11008><16/12/2015 09:20:58>>Card Reader enable=True
<CR-11008><16/12/2015 09:20:58>>Open comport[COM3]
<CR-11008><16/12/2015 09:20:58>>Open comport[COM3 : 9600,N,8,1] successfull.
<CR-11008><16/12/2015 09:20:58>>CR-11008connect = True
<CR-11008><16/12/2015 15:44:38>>Initial Card Reader[13101]Address=1: COM3 9600,N,8,1 successful.
<CR-11008><16/12/2015 15:44:38>>Card Reader enable=True
<CR-11008><16/12/2015 15:44:38>>Open comport[COM3]
<CR-11008><16/12/2015 15:44:38>>Open comport[COM3 : 9600,N,8,1] successfull.
<CR-11008><16/12/2015 15:44:38>>CR-11008connect = True
<CR-11008><16/12/2015 15:46:52>><---------Stop process--------->
<CR-11008><16/12/2015 15:53:12>>Initial Card Reader[13101]Address=1: COM3 9600,N,8,1 successful.
<CR-11008><16/12/2015 15:53:12>>Card Reader enable=True
<CR-11008><16/12/2015 15:53:12>>Open comport[COM3]
<CR-11008><16/12/2015 15:53:12>>Open comport[COM3 : 9600,N,8,1] successfull.
<CR-11008><16/12/2015 15:53:13>>CR-11008connect = True
<CR-11008><16/12/2015 16:02:38>>Initial Card Reader[13101]Address=1: COM3 9600,N,8,1 successful.
<CR-11008><16/12/2015 16:02:38>>Card Reader enable=True
<CR-11008><16/12/2015 16:02:38>>Open comport[COM3]
<CR-11008><16/12/2015 16:02:38>>Open comport[COM3 : 9600,N,8,1] successfull.
<CR-11008><16/12/2015 16:02:39>>CR-11008connect = True
<CR-11008><16/12/2015 16:02:47>><---------Stop process--------->
<CR-11008><16/12/2015 16:03:11>>Initial Card Reader[13101]Address=1: COM3 9600,N,8,1 successful.
<CR-11008><16/12/2015 16:03:11>>Card Reader enable=True
<CR-11008><16/12/2015 16:03:11>>Open comport[COM3]
<CR-11008><16/12/2015 16:03:11>>Open comport[COM3 : 9600,N,8,1] successfull.
<CR-11008><16/12/2015 16:03:11>>CR-11008connect = True
<CR-11008><16/12/2015 16:03:36>><---------Stop process--------->
