<CR-301><21/04/2016 09:21:40>>Initial Card Reader[1100301]Address=1: COM22 9600,N,8,1 successful.
<CR-301><21/04/2016 09:21:40>>Initial Card Reader[1100301]Address=1: COM22 9600,N,8,1 successful.
<CR-301><21/04/2016 09:21:40>>Card Reader enable=False
<CR-301><21/04/2016 09:21:40>>Open comport[COM22]
<CR-301><21/04/2016 09:21:40>>Open comport[COM22 : 9600,N,8,1] successfull.
<CR-301><21/04/2016 09:21:41>>CR-301connect = True
<CR-301><21/04/2016 09:22:13>>Touch Card code = 8688911
<CR-301><21/04/2016 09:22:13>>Begin weight loading...
<CR-301><21/04/2016 09:22:13>>End weight loading...
<CR-301><21/04/2016 09:22:18>>Touch Card code = 8688911
<CR-301><21/04/2016 09:22:27>>Touch Card code = 8688911
<CR-301><21/04/2016 09:27:38>>Initial Card Reader[1100301]Address=1: COM22 9600,N,8,1 successful.
<CR-301><21/04/2016 09:27:38>>Initial Card Reader[1100301]Address=1: COM22 9600,N,8,1 successful.
<CR-301><21/04/2016 09:27:38>>Card Reader enable=False
<CR-301><21/04/2016 09:27:38>>Open comport[COM22]
<CR-301><21/04/2016 09:27:39>>Open comport[COM22 : 9600,N,8,1] successfull.
<CR-301><21/04/2016 09:27:39>>CR-301connect = True
<CR-301><21/04/2016 09:27:59>>Touch Card code = 9866341
<CR-301><21/04/2016 09:28:05>>Touch Card code = 8688911
<CR-301><21/04/2016 09:28:43>><---------Stop process--------->
<CR-301><21/04/2016 09:32:16>>Initial Card Reader[1100301]Address=1: COM22 9600,N,8,1 successful.
<CR-301><21/04/2016 09:32:16>>Initial Card Reader[1100301]Address=1: COM22 9600,N,8,1 successful.
<CR-301><21/04/2016 09:32:16>>Card Reader enable=False
<CR-301><21/04/2016 09:32:16>>Open comport[COM22]
<CR-301><21/04/2016 09:32:16>>Open comport[COM22 : 9600,N,8,1] successfull.
<CR-301><21/04/2016 09:32:16>>CR-301connect = True
<CR-301><21/04/2016 09:32:20>><---------Stop process--------->
<CR-301><21/04/2016 09:42:18>>Initial Card Reader[1100301]Address=1: COM22 9600,N,8,1 successful.
<CR-301><21/04/2016 09:42:18>>Initial Card Reader[1100301]Address=1: COM22 9600,N,8,1 successful.
<CR-301><21/04/2016 09:42:18>>Card Reader enable=False
<CR-301><21/04/2016 09:42:18>>Open comport[COM22]
<CR-301><21/04/2016 09:42:18>>Open comport[COM22 : 9600,N,8,1] successfull.
<CR-301><21/04/2016 09:42:18>>CR-301connect = True
<CR-301><21/04/2016 09:42:22>><---------Stop process--------->
