<CR-11008><15/12/2015 08:50:27>>Initial Card Reader[13101]Address=1: COM3 9600,N,8,1 successful.
<CR-11008><15/12/2015 08:50:27>>Card Reader enable=True
<CR-11008><15/12/2015 08:50:27>>Open comport[COM3]
<CR-11008><15/12/2015 08:50:27>>Open comport[COM3 : 9600,N,8,1] successfull.
<CR-11008><15/12/2015 08:50:27>>CR-11008connect = True
<CR-11008><15/12/2015 09:00:42>>Initial Card Reader[13101]Address=1: COM3 9600,N,8,1 successful.
<CR-11008><15/12/2015 09:00:42>>Card Reader enable=True
<CR-11008><15/12/2015 09:00:42>>Open comport[COM3]
<CR-11008><15/12/2015 09:00:42>>Open comport[COM3 : 9600,N,8,1] successfull.
<CR-11008><15/12/2015 09:00:42>>CR-11008connect = True
<CR-11008><15/12/2015 09:00:59>>Touch Card code = 9870494
<CR-11008><15/12/2015 09:00:59>>[ชั่งหนัก]หมายเลขบัตร [9870494] ตรวจสอบข้อมูลถูกต้อง Card Type= 1
<CR-11008><15/12/2015 09:00:59>>Begin weight loading...
<CR-11008><15/12/2015 09:00:59>>Weight out.
<CR-11008><15/12/2015 09:01:13>>Touch Card code = 9870494
<CR-11008><15/12/2015 09:01:13>>[ชั่งออก] หมายเลขบัตร [9870494] ของทะเบียนรถ [768835] มีน้ำหนักชั่งออก= 17750 Kg น้ำหนักสุทธิ=8030
<CR-11008><15/12/2015 09:01:13>>End weight loading...
<CR-11008><15/12/2015 09:04:42>>Touch Card code = 9870494
<CR-11008><15/12/2015 09:04:42>>[Load] ไม่ได้อยู่ในกระบวนการชั่งของหมายเลขบัตร [9870494]
<CR-11008><15/12/2015 09:05:00>>Touch Card code = 9870494
<CR-11008><15/12/2015 09:05:00>>[Load] ไม่ได้อยู่ในกระบวนการชั่งของหมายเลขบัตร [9870494]
<CR-11008><15/12/2015 09:12:18>>Initial Card Reader[13101]Address=1: COM3 9600,N,8,1 successful.
<CR-11008><15/12/2015 09:12:18>>Card Reader enable=True
<CR-11008><15/12/2015 09:12:18>>Open comport[COM3]
<CR-11008><15/12/2015 09:12:18>>Open comport[COM3 : 9600,N,8,1] successfull.
<CR-11008><15/12/2015 09:12:18>>CR-11008connect = True
<CR-11008><15/12/2015 09:28:54>>Touch Card code = 9870640
<CR-11008><15/12/2015 09:28:54>>[ชั่งเบา]หมายเลขบัตร [9870640] ตรวจสอบข้อมูลถูกต้อง Card Type= 1
<CR-11008><15/12/2015 09:28:54>>Begin weight loading...
<CR-11008><15/12/2015 09:28:54>>Weight in.
<CR-11008><15/12/2015 09:29:20>>Touch Card code = 9870640
<CR-11008><15/12/2015 09:29:20>>[ชั่งเข้า] หมายเลขบัตร [9870640] ของทะเบียนรถ [719588] มีน้ำหนักชั่งเข้า= 16030 Kg
<CR-11008><15/12/2015 09:29:20>>End weight loading...
<CR-11008><15/12/2015 09:29:26>>Touch Card code = 9866331
<CR-11008><15/12/2015 09:29:26>>[ชั่งเบา]หมายเลขบัตร [9866331] ตรวจสอบข้อมูลถูกต้อง Card Type= 1
<CR-11008><15/12/2015 09:29:26>>Begin weight loading...
<CR-11008><15/12/2015 09:29:26>>Weight in.
<CR-11008><15/12/2015 09:29:52>>Touch Card code = 9866331
<CR-11008><15/12/2015 09:29:52>>[ชั่งเข้า] หมายเลขบัตร [9866331] ของทะเบียนรถ [1234567] มีน้ำหนักชั่งเข้า= 16040 Kg
<CR-11008><15/12/2015 09:29:52>>End weight loading...
<CR-11008><15/12/2015 09:29:58>>Touch Card code = 9866331
<CR-11008><15/12/2015 09:29:58>>[ชั่งเบา]หมายเลขบัตร [9866331] ตรวจสอบข้อมูลถูกต้อง Card Type= 1
<CR-11008><15/12/2015 09:29:58>>Begin weight loading...
<CR-11008><15/12/2015 09:29:58>>Weight in.
<CR-11008><15/12/2015 09:30:08>>Touch Card code = 9866331
<CR-11008><15/12/2015 09:30:08>>[ชั่งเข้า] หมายเลขบัตร [9866331] ของทะเบียนรถ [1234567] มีน้ำหนักชั่งเข้า= 16040 Kg
<CR-11008><15/12/2015 09:30:08>>End weight loading...
<CR-11008><15/12/2015 09:30:42>>Touch Card code = 9866331
<CR-11008><15/12/2015 09:30:42>>[ชั่งเบา]หมายเลขบัตร [9866331] ตรวจสอบข้อมูลถูกต้อง Card Type= 1
<CR-11008><15/12/2015 09:30:42>>Begin weight loading...
<CR-11008><15/12/2015 09:30:42>>Weight in.
<CR-11008><15/12/2015 09:31:04>>Cancel weight in1
<CR-11008><15/12/2015 09:31:04>>End weight loading...
<CR-11008><15/12/2015 09:33:03>>Touch Card code = 9870493
<CR-11008><15/12/2015 09:33:03>>[ชั่งหนัก]หมายเลขบัตร [9870493] ตรวจสอบข้อมูลถูกต้อง Card Type= 1
<CR-11008><15/12/2015 09:33:03>>Begin weight loading...
<CR-11008><15/12/2015 09:33:03>>Weight out.
<CR-11008><15/12/2015 09:34:11>>Time out weight out2
<CR-11008><15/12/2015 09:34:11>>End weight loading...
<CR-11008><15/12/2015 09:34:34>>Touch Card code = 9870493
<CR-11008><15/12/2015 09:34:34>>[ชั่งหนัก]หมายเลขบัตร [9870493] ตรวจสอบข้อมูลถูกต้อง Card Type= 1
<CR-11008><15/12/2015 09:34:34>>Begin weight loading...
<CR-11008><15/12/2015 09:34:34>>Weight out.
<CR-11008><15/12/2015 09:34:41>>Touch Card code = 9870493
<CR-11008><15/12/2015 09:34:41>>[ชั่งออก] หมายเลขบัตร [9870493] ของทะเบียนรถ [770412] มีน้ำหนักชั่งออก= 29890 Kg น้ำหนักสุทธิ=13600
<CR-11008><15/12/2015 09:34:41>>End weight loading...
<CR-11008><15/12/2015 09:34:50>>Touch Card code = 9870493
<CR-11008><15/12/2015 09:34:50>>[Load] ไม่ได้อยู่ในกระบวนการชั่งของหมายเลขบัตร [9870493]
<CR-11008><15/12/2015 09:35:03>>Touch Card code = 9866331
<CR-11008><15/12/2015 09:35:03>>[Load] ไม่ได้อยู่ในกระบวนการชั่งของหมายเลขบัตร [9866331]
<CR-11008><15/12/2015 09:42:17>>Initial Card Reader[13101]Address=1: COM3 9600,N,8,1 successful.
<CR-11008><15/12/2015 09:42:17>>Card Reader enable=True
<CR-11008><15/12/2015 09:42:17>>Open comport[COM3]
<CR-11008><15/12/2015 09:42:17>>Open comport[COM3 : 9600,N,8,1] successfull.
<CR-11008><15/12/2015 09:42:17>>CR-11008connect = True
<CR-11008><15/12/2015 09:53:30>>Initial Card Reader[13101]Address=1: COM3 9600,N,8,1 successful.
<CR-11008><15/12/2015 09:53:30>>Card Reader enable=True
<CR-11008><15/12/2015 09:53:30>>Open comport[COM3]
<CR-11008><15/12/2015 09:53:30>>Open comport[COM3 : 9600,N,8,1] successfull.
<CR-11008><15/12/2015 09:53:31>>CR-11008connect = True
<CR-11008><15/12/2015 09:54:16>>Touch Card code = 9866331
<CR-11008><15/12/2015 09:54:16>>[ชั่งหนัก]หมายเลขบัตร [9866331] ตรวจสอบข้อมูลถูกต้อง Card Type= 1
<CR-11008><15/12/2015 09:54:16>>Begin weight loading...
<CR-11008><15/12/2015 09:54:16>>Weight out.
<CR-11008><15/12/2015 09:54:33>>CR-11008connect = True
<CR-11008><15/12/2015 09:54:35>>Touch Card code = 9866331
<CR-11008><15/12/2015 09:54:35>>[ชั่งออก] หมายเลขบัตร [9866331] ของทะเบียนรถ [1234567] มีน้ำหนักชั่งออก= 39000 Kg น้ำหนักสุทธิ=22960
<CR-11008><15/12/2015 09:54:35>>End weight loading...
<CR-11008><15/12/2015 09:54:42>>Touch Card code = 9866331
<CR-11008><15/12/2015 09:54:42>>[Load] ไม่ได้อยู่ในกระบวนการชั่งของหมายเลขบัตร [9866331]
<CR-11008><15/12/2015 09:54:50>>Touch Card code = 9866331
<CR-11008><15/12/2015 09:54:50>>[Load] ไม่ได้อยู่ในกระบวนการชั่งของหมายเลขบัตร [9866331]
<CR-11008><15/12/2015 09:55:26>>Initial Card Reader[13101]Address=1: COM3 9600,N,8,1 successful.
<CR-11008><15/12/2015 09:55:26>>Card Reader enable=True
<CR-11008><15/12/2015 09:55:26>>Open comport[COM3]
<CR-11008><15/12/2015 09:55:26>>Open comport[COM3 : 9600,N,8,1] successfull.
<CR-11008><15/12/2015 09:55:26>>CR-11008connect = True
<CR-11008><15/12/2015 09:58:58>>Touch Card code = 9866331
<CR-11008><15/12/2015 09:58:58>>[ชั่งหนัก]หมายเลขบัตร [9866331] ตรวจสอบข้อมูลถูกต้อง Card Type= 1
<CR-11008><15/12/2015 09:58:58>>Begin weight loading...
<CR-11008><15/12/2015 09:58:58>>Weight out.
<CR-11008><15/12/2015 09:59:27>>Initial Card Reader[13101]Address=1: COM3 9600,N,8,1 successful.
<CR-11008><15/12/2015 09:59:27>>Card Reader enable=True
<CR-11008><15/12/2015 09:59:27>>Open comport[COM3]
<CR-11008><15/12/2015 09:59:27>>Open comport[COM3 : 9600,N,8,1] successfull.
<CR-11008><15/12/2015 09:59:28>>CR-11008connect = True
<CR-11008><15/12/2015 09:59:28>>Touch Card code = 9866331
<CR-11008><15/12/2015 09:59:28>>[ชั่งหนัก]หมายเลขบัตร [9866331] ตรวจสอบข้อมูลถูกต้อง Card Type= 1
<CR-11008><15/12/2015 09:59:28>>Begin weight loading...
<CR-11008><15/12/2015 09:59:28>>Weight out.
<CR-11008><15/12/2015 10:00:44>>Time out weight out2
<CR-11008><15/12/2015 10:00:44>>End weight loading...
<CR-11008><15/12/2015 10:02:35>>Touch Card code = 9866331
<CR-11008><15/12/2015 10:02:35>>[ชั่งหนัก]หมายเลขบัตร [9866331] ตรวจสอบข้อมูลถูกต้อง Card Type= 1
<CR-11008><15/12/2015 10:02:35>>Begin weight loading...
<CR-11008><15/12/2015 10:02:35>>Weight out.
<CR-11008><15/12/2015 10:03:05>>CR-11008connect = True
<CR-11008><15/12/2015 10:03:18>>Touch Card code = 9866331
<CR-11008><15/12/2015 10:03:18>>[ชั่งออก] หมายเลขบัตร [9866331] ของทะเบียนรถ [1234567] มีน้ำหนักชั่งออก= 39000 Kg น้ำหนักสุทธิ=22000
<CR-11008><15/12/2015 10:03:18>>End weight loading...
<CR-11008><15/12/2015 10:06:09>>Initial Card Reader[13101]Address=1: COM3 9600,N,8,1 successful.
<CR-11008><15/12/2015 10:06:09>>Card Reader enable=True
<CR-11008><15/12/2015 10:06:09>>Open comport[COM3]
<CR-11008><15/12/2015 10:06:09>>Open comport[COM3 : 9600,N,8,1] successfull.
<CR-11008><15/12/2015 10:06:09>>CR-11008connect = True
<CR-11008><15/12/2015 10:06:59>>Touch Card code = 9870641
<CR-11008><15/12/2015 10:07:00>>[ชั่งเบา]หมายเลขบัตร [9870641] ตรวจสอบข้อมูลถูกต้อง Card Type= 1
<CR-11008><15/12/2015 10:07:00>>Begin weight loading...
<CR-11008><15/12/2015 10:07:00>>Weight in.
<CR-11008><15/12/2015 10:07:18>>Touch Card code = 9870641
<CR-11008><15/12/2015 10:07:18>>[ชั่งเข้า] หมายเลขบัตร [9870641] ของทะเบียนรถ [767674] มีน้ำหนักชั่งเข้า= 15330 Kg
<CR-11008><15/12/2015 10:07:18>>End weight loading...
<CR-11008><15/12/2015 10:07:25>>Touch Card code = 9870641
<CR-11008><15/12/2015 10:07:25>>[ชั่งเบา]หมายเลขบัตร [9870641] ตรวจสอบข้อมูลถูกต้อง Card Type= 1
<CR-11008><15/12/2015 10:07:25>>Begin weight loading...
<CR-11008><15/12/2015 10:07:25>>Weight in.
<CR-11008><15/12/2015 10:07:30>>Touch Card code = 9870641
<CR-11008><15/12/2015 10:07:30>>[ชั่งเข้า] หมายเลขบัตร [9870641] ของทะเบียนรถ [767674] มีน้ำหนักชั่งเข้า= 15330 Kg
<CR-11008><15/12/2015 10:07:30>>End weight loading...
<CR-11008><15/12/2015 10:07:44>>Touch Card code = 9870641
<CR-11008><15/12/2015 10:07:44>>[ชั่งเบา]หมายเลขบัตร [9870641] ตรวจสอบข้อมูลถูกต้อง Card Type= 1
<CR-11008><15/12/2015 10:07:44>>Begin weight loading...
<CR-11008><15/12/2015 10:07:44>>Weight in.
<CR-11008><15/12/2015 10:07:55>>Touch Card code = 9870641
<CR-11008><15/12/2015 10:07:55>>[ชั่งเข้า] หมายเลขบัตร [9870641] ของทะเบียนรถ [767674] มีน้ำหนักชั่งเข้า= 15330 Kg
<CR-11008><15/12/2015 10:07:55>>End weight loading...
<CR-11008><15/12/2015 10:08:02>>Touch Card code = 9870641
<CR-11008><15/12/2015 10:08:02>>[ชั่งเบา]หมายเลขบัตร [9870641] ตรวจสอบข้อมูลถูกต้อง Card Type= 1
<CR-11008><15/12/2015 10:08:02>>Begin weight loading...
<CR-11008><15/12/2015 10:08:02>>Weight in.
<CR-11008><15/12/2015 10:08:09>>Touch Card code = 9870641
<CR-11008><15/12/2015 10:08:09>>[ชั่งเข้า] หมายเลขบัตร [9870641] ของทะเบียนรถ [767674] มีน้ำหนักชั่งเข้า= 15330 Kg
<CR-11008><15/12/2015 10:08:09>>End weight loading...
<CR-11008><15/12/2015 10:08:17>>Touch Card code = 9870641
<CR-11008><15/12/2015 10:08:17>>[ชั่งเบา]หมายเลขบัตร [9870641] ตรวจสอบข้อมูลถูกต้อง Card Type= 1
<CR-11008><15/12/2015 10:08:17>>Begin weight loading...
<CR-11008><15/12/2015 10:08:17>>Weight in.
<CR-11008><15/12/2015 10:08:24>>Touch Card code = 9870641
<CR-11008><15/12/2015 10:08:24>>[ชั่งเข้า] หมายเลขบัตร [9870641] ของทะเบียนรถ [767674] มีน้ำหนักชั่งเข้า= 15330 Kg
<CR-11008><15/12/2015 10:08:24>>End weight loading...
<CR-11008><15/12/2015 10:08:29>>Touch Card code = 9870641
<CR-11008><15/12/2015 10:08:29>>[ชั่งเบา]หมายเลขบัตร [9870641] ตรวจสอบข้อมูลถูกต้อง Card Type= 1
<CR-11008><15/12/2015 10:08:29>>Begin weight loading...
<CR-11008><15/12/2015 10:08:29>>Weight in.
<CR-11008><15/12/2015 10:08:35>>Touch Card code = 9870641
<CR-11008><15/12/2015 10:08:35>>[ชั่งเข้า] หมายเลขบัตร [9870641] ของทะเบียนรถ [767674] มีน้ำหนักชั่งเข้า= 15330 Kg
<CR-11008><15/12/2015 10:08:35>>End weight loading...
<CR-11008><15/12/2015 11:12:04>>Initial Card Reader[13101]Address=1: COM3 9600,N,8,1 successful.
<CR-11008><15/12/2015 11:12:04>>Card Reader enable=True
<CR-11008><15/12/2015 11:12:04>>Open comport[COM3]
<CR-11008><15/12/2015 11:12:04>>Open comport[COM3 : 9600,N,8,1] successfull.
<CR-11008><15/12/2015 11:12:04>>CR-11008connect = True
<CR-11008><15/12/2015 11:42:19>>Touch Card code = 9870641
<CR-11008><15/12/2015 11:42:19>>[ชั่งหนัก]หมายเลขบัตร [9870641] ตรวจสอบข้อมูลถูกต้อง Card Type= 1
<CR-11008><15/12/2015 11:42:19>>Begin weight loading...
<CR-11008><15/12/2015 11:42:19>>Weight out.
<CR-11008><15/12/2015 11:42:53>>Touch Card code = 9870641
<CR-11008><15/12/2015 11:42:53>>[ชั่งออก] หมายเลขบัตร [9870641] ของทะเบียนรถ [767674] มีน้ำหนักชั่งออก= 29270 Kg น้ำหนักสุทธิ=13940
<CR-11008><15/12/2015 11:42:59>>End weight loading...
<CR-11008><15/12/2015 11:43:04>>Touch Card code = 9870641
<CR-11008><15/12/2015 11:43:04>>[Load] ไม่ได้อยู่ในกระบวนการชั่งของหมายเลขบัตร [9870641]
<CR-11008><15/12/2015 12:21:47>>Touch Card code = 9870642
<CR-11008><15/12/2015 12:21:47>>[ชั่งหนัก]หมายเลขบัตร [9870642] ตรวจสอบข้อมูลถูกต้อง Card Type= 1
<CR-11008><15/12/2015 12:21:47>>Begin weight loading...
<CR-11008><15/12/2015 12:21:47>>Weight out.
<CR-11008><15/12/2015 12:22:00>>Touch Card code = 9870642
<CR-11008><15/12/2015 12:22:00>>[ชั่งออก] หมายเลขบัตร [9870642] ของทะเบียนรถ [713475] มีน้ำหนักชั่งออก= 29910 Kg น้ำหนักสุทธิ=13930
<CR-11008><15/12/2015 12:22:06>>End weight loading...
<CR-11008><15/12/2015 12:22:14>>Touch Card code = 9870642
<CR-11008><15/12/2015 12:22:14>>[Load] ไม่ได้อยู่ในกระบวนการชั่งของหมายเลขบัตร [9870642]
<CR-11008><15/12/2015 13:26:03>><---------Stop process--------->
<CR-11008><15/12/2015 13:27:49>>Initial Card Reader[13101]Address=1: COM3 9600,N,8,1 successful.
<CR-11008><15/12/2015 13:27:49>>Card Reader enable=True
<CR-11008><15/12/2015 13:27:49>>Open comport[COM3]
<CR-11008><15/12/2015 13:27:49>>Open comport[COM3 : 9600,N,8,1] successfull.
<CR-11008><15/12/2015 13:27:49>>CR-11008connect = True
<CR-11008><15/12/2015 14:11:19>>Touch Card code = 9870493
<CR-11008><15/12/2015 14:11:19>>[ชั่งเบา]หมายเลขบัตร [9870493] ตรวจสอบข้อมูลถูกต้อง Card Type= 1
<CR-11008><15/12/2015 14:11:19>>Begin weight loading...
<CR-11008><15/12/2015 14:11:19>>Weight in.
<CR-11008><15/12/2015 14:12:27>>Time out weight in2
<CR-11008><15/12/2015 14:12:27>>End weight loading...
<CR-11008><15/12/2015 14:13:02>>Touch Card code = 9870493
<CR-11008><15/12/2015 14:13:02>>[ชั่งเบา]หมายเลขบัตร [9870493] ตรวจสอบข้อมูลถูกต้อง Card Type= 1
<CR-11008><15/12/2015 14:13:02>>Begin weight loading...
<CR-11008><15/12/2015 14:13:02>>Weight in.
<CR-11008><15/12/2015 14:13:39>>Touch Card code = 9870493
<CR-11008><15/12/2015 14:13:39>>[ชั่งเข้า] หมายเลขบัตร [9870493] ของทะเบียนรถ [770412] มีน้ำหนักชั่งเข้า= 16280 Kg
<CR-11008><15/12/2015 14:13:39>>End weight loading...
<CR-11008><15/12/2015 14:13:44>>Touch Card code = 9870493
<CR-11008><15/12/2015 14:13:44>>[ชั่งเบา]หมายเลขบัตร [9870493] ตรวจสอบข้อมูลถูกต้อง Card Type= 1
<CR-11008><15/12/2015 14:13:44>>Begin weight loading...
<CR-11008><15/12/2015 14:13:44>>Weight in.
<CR-11008><15/12/2015 14:14:03>>Touch Card code = 9870493
<CR-11008><15/12/2015 14:14:03>>[ชั่งเข้า] หมายเลขบัตร [9870493] ของทะเบียนรถ [770412] มีน้ำหนักชั่งเข้า= 16280 Kg
<CR-11008><15/12/2015 14:14:03>>End weight loading...
<CR-11008><15/12/2015 14:52:59>>Touch Card code = 9870493
<CR-11008><15/12/2015 14:52:59>>[ชั่งหนัก]หมายเลขบัตร [9870493] ตรวจสอบข้อมูลถูกต้อง Card Type= 1
<CR-11008><15/12/2015 14:52:59>>Begin weight loading...
<CR-11008><15/12/2015 14:52:59>>Weight out.
<CR-11008><15/12/2015 14:53:56>>Touch Card code = 9870493
<CR-11008><15/12/2015 14:53:56>>[ชั่งออก] หมายเลขบัตร [9870493] ของทะเบียนรถ [770412] มีน้ำหนักชั่งออก= 29870 Kg น้ำหนักสุทธิ=13590
<CR-11008><15/12/2015 14:54:02>>End weight loading...
<CR-11008><15/12/2015 14:58:07>><---------Stop process--------->
