<CR-11008><11/12/2015 09:11:31>>Initial Card Reader[13101]Address=1: COM3 9600,N,8,1 successful.
<CR-11008><11/12/2015 09:11:31>>Card Reader enable=True
<CR-11008><11/12/2015 09:11:31>>Open comport[COM3]
<CR-11008><11/12/2015 09:11:31>>Open comport[COM3 : 9600,N,8,1] successfull.
<CR-11008><11/12/2015 09:11:32>>CR-11008connect = True
<CR-11008><11/12/2015 09:14:35>>Initial Card Reader[13101]Address=1: COM3 9600,N,8,1 successful.
<CR-11008><11/12/2015 09:14:35>>Card Reader enable=True
<CR-11008><11/12/2015 09:14:35>>Open comport[COM3]
<CR-11008><11/12/2015 09:14:35>>Open comport[COM3 : 9600,N,8,1] successfull.
<CR-11008><11/12/2015 09:14:36>>CR-11008connect = True
<CR-11008><11/12/2015 09:20:43>>Touch Card code = 9870494
<CR-11008><11/12/2015 09:20:43>>[ชั่งหนัก]หมายเลขบัตร [9870494] ตรวจสอบข้อมูลถูกต้อง Card Type= 1
<CR-11008><11/12/2015 09:20:43>>Begin weight loading...
<CR-11008><11/12/2015 09:20:43>>Weight out.
<CR-11008><11/12/2015 09:20:48>>Touch Card code = 9870494
<CR-11008><11/12/2015 09:20:48>>[ชั่งออก] หมายเลขบัตร [9870494] ของทะเบียนรถ [768835] มีน้ำหนักชั่งออก= 17750 Kg น้ำหนักสุทธิ=8060
<CR-11008><11/12/2015 09:20:54>>End weight loading...
<CR-11008><11/12/2015 09:21:58>>Touch Card code = 9870634
<CR-11008><11/12/2015 09:21:58>>[ชั่งเบา]หมายเลขบัตร [9870634] ตรวจสอบข้อมูลถูกต้อง Card Type= 1
<CR-11008><11/12/2015 09:21:58>>Begin weight loading...
<CR-11008><11/12/2015 09:21:58>>Weight in.
<CR-11008><11/12/2015 09:22:37>>Touch Card code = 9870634
<CR-11008><11/12/2015 09:22:37>>[ชั่งเข้า] หมายเลขบัตร [9870634] ของทะเบียนรถ [760456] มีน้ำหนักชั่งเข้า= 16140 Kg
<CR-11008><11/12/2015 09:22:43>>End weight loading...
<CR-11008><11/12/2015 09:42:07>><---------Stop process--------->
<CR-11008><11/12/2015 15:21:11>>Initial Card Reader[13101]Address=1: COM3 9600,N,8,1 successful.
<CR-11008><11/12/2015 15:21:11>>Card Reader enable=True
<CR-11008><11/12/2015 15:21:11>>Open comport[COM3]
<CR-11008><11/12/2015 15:21:11>>Open comport[COM3 : 9600,N,8,1] successfull.
<CR-11008><11/12/2015 15:21:11>>CR-11008connect = True
<CR-11008><11/12/2015 15:21:29>>Touch Card code = 9870488
<CR-11008><11/12/2015 15:21:29>>[ชั่งหนัก]หมายเลขบัตร [9870488] ตรวจสอบข้อมูลถูกต้อง Card Type= 1
<CR-11008><11/12/2015 15:21:29>>Begin weight loading...
<CR-11008><11/12/2015 15:21:29>>Weight out.
<CR-11008><11/12/2015 15:22:37>>Time out weight out2
<CR-11008><11/12/2015 15:22:37>>End weight loading...
<CR-11008><11/12/2015 15:23:33>>Touch Card code = 9870488
<CR-11008><11/12/2015 15:23:33>>[ชั่งหนัก]หมายเลขบัตร [9870488] ตรวจสอบข้อมูลถูกต้อง Card Type= 1
<CR-11008><11/12/2015 15:23:33>>Begin weight loading...
<CR-11008><11/12/2015 15:23:33>>Weight out.
<CR-11008><11/12/2015 15:24:50>>Time out weight out2
<CR-11008><11/12/2015 15:24:50>>End weight loading...
<CR-11008><11/12/2015 15:26:15>>Touch Card code = 9870488
<CR-11008><11/12/2015 15:26:15>>[ชั่งหนัก]หมายเลขบัตร [9870488] ตรวจสอบข้อมูลถูกต้อง Card Type= 1
<CR-11008><11/12/2015 15:26:15>>Begin weight loading...
<CR-11008><11/12/2015 15:26:15>>Weight out.
<CR-11008><11/12/2015 15:26:57>>CR-11008connect = True
<CR-11008><11/12/2015 15:27:09>><---------Stop process--------->
<CR-11008><11/12/2015 15:27:22>>Initial Card Reader[13101]Address=1: COM3 9600,N,8,1 successful.
<CR-11008><11/12/2015 15:27:22>>Card Reader enable=True
<CR-11008><11/12/2015 15:27:22>>Open comport[COM3]
<CR-11008><11/12/2015 15:27:22>>Open comport[COM3 : 9600,N,8,1] successfull.
<CR-11008><11/12/2015 15:27:23>>CR-11008connect = True
<CR-11008><11/12/2015 15:27:53>>Touch Card code = 9870488
<CR-11008><11/12/2015 15:27:53>>[ชั่งหนัก]หมายเลขบัตร [9870488] ตรวจสอบข้อมูลถูกต้อง Card Type= 1
<CR-11008><11/12/2015 15:27:53>>Begin weight loading...
<CR-11008><11/12/2015 15:27:53>>Weight out.
<CR-11008><11/12/2015 15:29:07>>Touch Card code = 9870488
<CR-11008><11/12/2015 15:29:17>>[ชั่งออก] หมายเลขบัตร [9870488] ของทะเบียนรถ [768841] มีน้ำหนักชั่งออก= 17650 Kg น้ำหนักสุทธิ=8020
<CR-11008><11/12/2015 15:30:07>>End weight loading...
<CR-11008><11/12/2015 15:30:08>>Touch Card code = 9870488
<CR-11008><11/12/2015 15:30:08>>[Load] ไม่ได้อยู่ในกระบวนการชั่งของหมายเลขบัตร [9870488]
<CR-11008><11/12/2015 15:30:14>>Touch Card code = 9870488
<CR-11008><11/12/2015 15:30:14>>[Load] ไม่ได้อยู่ในกระบวนการชั่งของหมายเลขบัตร [9870488]
<CR-11008><11/12/2015 15:30:20>>Touch Card code = 9870488
<CR-11008><11/12/2015 15:30:20>>[Load] ไม่ได้อยู่ในกระบวนการชั่งของหมายเลขบัตร [9870488]
<CR-11008><11/12/2015 15:30:26>>Touch Card code = 9870488
<CR-11008><11/12/2015 15:30:26>>[Load] ไม่ได้อยู่ในกระบวนการชั่งของหมายเลขบัตร [9870488]
<CR-11008><11/12/2015 15:30:33>>Touch Card code = 9870488
<CR-11008><11/12/2015 15:30:33>>[Load] ไม่ได้อยู่ในกระบวนการชั่งของหมายเลขบัตร [9870488]
