<WB01><16/12/2015 09:01:59>>Initial Weight Bridge[7100301]WB01 successful.
<WB01><16/12/2015 09:01:59>>Weight Bridge enable=True
<WB01><16/12/2015 09:01:59>>Open comport[COM6]
<WB01><16/12/2015 09:01:59>>Open comport[COM6 : 9600,E,7,1] successfull.
<WB01><16/12/2015 09:04:08>><---------Stop process--------->
<WB01><16/12/2015 09:05:10>>Initial Weight Bridge[7100301]WB01 successful.
<WB01><16/12/2015 09:05:10>>Weight Bridge enable=True
<WB01><16/12/2015 09:05:10>>Open comport[COM6]
<WB01><16/12/2015 09:05:10>>Open comport[COM6 : 9600,E,7,1] successfull.
<WB01><16/12/2015 09:12:07>><---------Stop process--------->
<WB01><16/12/2015 09:20:58>>Initial Weight Bridge[7100301]WB01 successful.
<WB01><16/12/2015 09:20:58>>Weight Bridge enable=True
<WB01><16/12/2015 09:20:58>>Open comport[COM6]
<WB01><16/12/2015 09:20:58>>Open comport[COM6 : 9600,E,7,1] successfull.
<WB01><16/12/2015 15:44:38>>Initial Weight Bridge[7100301]WB01 successful.
<WB01><16/12/2015 15:44:38>>Weight Bridge enable=True
<WB01><16/12/2015 15:44:38>>Open comport[COM6]
<WB01><16/12/2015 15:44:38>>Open comport[COM6 : 9600,E,7,1] successfull.
<WB01><16/12/2015 15:46:52>><---------Stop process--------->
<WB01><16/12/2015 15:53:12>>Initial Weight Bridge[7100301]WB01 successful.
<WB01><16/12/2015 15:53:12>>Weight Bridge enable=True
<WB01><16/12/2015 15:53:12>>Open comport[COM6]
<WB01><16/12/2015 15:53:12>>Open comport[COM6 : 9600,E,7,1] successfull.
<WB01><16/12/2015 16:02:38>>Initial Weight Bridge[7100301]WB01 successful.
<WB01><16/12/2015 16:02:38>>Weight Bridge enable=True
<WB01><16/12/2015 16:02:38>>Open comport[COM6]
<WB01><16/12/2015 16:02:38>>Open comport[COM6 : 9600,E,7,1] successfull.
<WB01><16/12/2015 16:02:47>><---------Stop process--------->
<WB01><16/12/2015 16:03:11>>Initial Weight Bridge[7100301]WB01 successful.
<WB01><16/12/2015 16:03:11>>Weight Bridge enable=True
<WB01><16/12/2015 16:03:11>>Open comport[COM6]
<WB01><16/12/2015 16:03:11>>Open comport[COM6 : 9600,E,7,1] successfull.
<WB01><16/12/2015 16:03:36>><---------Stop process--------->
