<WB-01><10/02/2017 09:18:46>>Initial Weight Bridge[7100301]WB-01 successful.
<WB-01><10/02/2017 09:18:46>>Weight Bridge enable=True
<WB-01><10/02/2017 09:18:46>>Open comport[COM6]
<WB-01><10/02/2017 09:18:46>>Open comport[COM6 : 2400,E,7,1] successfull.
<WB-01><10/02/2017 09:22:02>>Initial Weight Bridge[7100301]WB-01 successful.
<WB-01><10/02/2017 09:22:02>>Weight Bridge enable=True
<WB-01><10/02/2017 09:22:02>>Open comport[COM6]
<WB-01><10/02/2017 09:22:02>>Open comport[COM6 : 2400,E,7,1] successfull.
<WB-01><10/02/2017 09:22:34>>Initial Weight Bridge[7100301]WB-01 successful.
<WB-01><10/02/2017 09:22:34>>Weight Bridge enable=True
<WB-01><10/02/2017 09:22:34>>Open comport[COM6]
<WB-01><10/02/2017 09:22:34>>Open comport[COM6 : 2400,E,7,1] successfull.
<WB-01><10/02/2017 09:27:11>><---------Stop process--------->
<WB-01><10/02/2017 09:40:31>>Initial Weight Bridge[7100301]WB-01 successful.
<WB-01><10/02/2017 09:40:31>>Weight Bridge enable=True
<WB-01><10/02/2017 09:40:31>>Open comport[COM6]
<WB-01><10/02/2017 09:40:31>>Open comport[COM6 : 2400,E,7,1] successfull.
<WB-01><10/02/2017 09:40:44>>Initial Weight Bridge[7100301]WB-01 successful.
<WB-01><10/02/2017 09:40:44>>Weight Bridge enable=True
<WB-01><10/02/2017 09:40:44>>Open comport[COM6]
<WB-01><10/02/2017 09:40:44>>Open comport[COM6 : 2400,E,7,1] successfull.
<WB-01><10/02/2017 11:38:36>>Weight Bridge enable=True
<WB-01><10/02/2017 11:38:37>>Open comport[COM6 : 2400,E,7,1] successfull.
<WB-01><10/02/2017 11:38:49>><---------Stop process--------->
<WB-01><10/02/2017 11:41:27>>Weight Bridge enable=True
<WB-01><10/02/2017 11:41:28>>Open comport[COM6 : 2400,E,7,1] successfull.
<WB-01><10/02/2017 11:41:43>><---------Stop process--------->
<WB-01><10/02/2017 11:42:44>>Weight Bridge enable=True
<WB-01><10/02/2017 11:42:45>>Open comport[COM6 : 2400,E,7,1] successfull.
<WB-01><10/02/2017 11:42:55>><---------Stop process--------->
<WB-01><10/02/2017 11:44:08>>Weight Bridge enable=True
<WB-01><10/02/2017 11:44:09>>Open comport[COM6 : 2400,E,7,1] successfull.
<WB-01><10/02/2017 11:44:41>><---------Stop process--------->
<WB-01><10/02/2017 11:47:51>>Initial Weight Bridge[7100301]WB-01 successful.
<WB-01><10/02/2017 11:47:51>>Weight Bridge enable=True
<WB-01><10/02/2017 11:47:51>>Open comport[COM6]
<WB-01><10/02/2017 11:47:51>>Open comport[COM6 : 2400,E,7,1] successfull.
<WB-01><10/02/2017 11:47:58>><---------Stop process--------->
<WB-01><10/02/2017 11:48:43>>Initial Weight Bridge[7100301]WB-01 successful.
<WB-01><10/02/2017 11:48:43>>Weight Bridge enable=True
<WB-01><10/02/2017 11:48:43>>Open comport[COM6]
<WB-01><10/02/2017 11:48:43>>Open comport[COM6 : 2400,E,7,1] successfull.
<WB-01><10/02/2017 11:48:59>><---------Stop process--------->
<WB-01><10/02/2017 11:54:32>>Initial Weight Bridge[7100301]WB-01 successful.
<WB-01><10/02/2017 11:54:32>>Weight Bridge enable=True
<WB-01><10/02/2017 11:54:32>>Open comport[COM6]
<WB-01><10/02/2017 11:54:32>>Open comport[COM6 : 2400,E,7,1] successfull.
<WB-01><10/02/2017 11:55:15>>Initial Weight Bridge[7100301]WB-01 successful.
<WB-01><10/02/2017 11:55:15>>Weight Bridge enable=True
<WB-01><10/02/2017 11:55:15>>Open comport[COM6]
<WB-01><10/02/2017 11:55:15>>Open comport[COM6 : 2400,E,7,1] successfull.
<WB-01><10/02/2017 11:55:57>>Initial Weight Bridge[7100301]WB-01 successful.
<WB-01><10/02/2017 11:55:57>>Weight Bridge enable=True
<WB-01><10/02/2017 11:55:57>>Open comport[COM6]
<WB-01><10/02/2017 11:55:57>>Open comport[COM6 : 2400,E,7,1] successfull.
<WB-01><10/02/2017 12:02:09>>Initial Weight Bridge[7100301]WB-01 successful.
<WB-01><10/02/2017 12:02:09>>Weight Bridge enable=True
<WB-01><10/02/2017 12:02:09>>Open comport[COM6]
<WB-01><10/02/2017 12:02:09>>Open comport[COM6 : 2400,E,7,1] successfull.
<WB-01><10/02/2017 12:03:33>>Initial Weight Bridge[7100301]WB-01 successful.
<WB-01><10/02/2017 12:03:33>>Weight Bridge enable=True
<WB-01><10/02/2017 12:03:33>>Open comport[COM6]
<WB-01><10/02/2017 12:03:33>>Open comport[COM6 : 2400,E,7,1] successfull.
<WB-01><10/02/2017 12:03:57>>Initial Weight Bridge[7100301]WB-01 successful.
<WB-01><10/02/2017 12:03:57>>Weight Bridge enable=True
<WB-01><10/02/2017 12:03:57>>Open comport[COM6]
<WB-01><10/02/2017 12:03:57>>Open comport[COM6 : 2400,E,7,1] successfull.
<WB-01><10/02/2017 12:14:06>>Initial Weight Bridge[7100301]WB-01 successful.
<WB-01><10/02/2017 12:14:06>>Weight Bridge enable=True
<WB-01><10/02/2017 12:14:06>>Open comport[COM6]
<WB-01><10/02/2017 12:14:06>>Open comport[COM6 : 2400,E,7,1] successfull.
<WB-01><10/02/2017 12:18:02>>Initial Weight Bridge[7100301]WB-01 successful.
<WB-01><10/02/2017 12:18:02>>Weight Bridge enable=True
<WB-01><10/02/2017 12:18:02>>Open comport[COM6]
<WB-01><10/02/2017 12:18:02>>Open comport[COM6 : 2400,E,7,1] successfull.
<WB-01><10/02/2017 12:21:37>>Initial Weight Bridge[7100301]WB-01 successful.
<WB-01><10/02/2017 12:21:37>>Weight Bridge enable=True
<WB-01><10/02/2017 12:21:37>>Open comport[COM6]
<WB-01><10/02/2017 12:21:37>>Open comport[COM6 : 2400,E,7,1] successfull.
<WB-01><10/02/2017 12:22:21>>Initial Weight Bridge[7100301]WB-01 successful.
<WB-01><10/02/2017 12:22:21>>Weight Bridge enable=True
<WB-01><10/02/2017 12:22:21>>Open comport[COM6]
<WB-01><10/02/2017 12:22:21>>Open comport[COM6 : 2400,E,7,1] successfull.
<WB-01><10/02/2017 12:24:28>>Initial Weight Bridge[7100301]WB-01 successful.
<WB-01><10/02/2017 12:24:28>>Weight Bridge enable=True
<WB-01><10/02/2017 12:24:28>>Open comport[COM6]
<WB-01><10/02/2017 12:24:28>>Open comport[COM6 : 2400,E,7,1] successfull.
<WB-01><10/02/2017 12:25:06>>Initial Weight Bridge[7100301]WB-01 successful.
<WB-01><10/02/2017 12:25:06>>Weight Bridge enable=True
<WB-01><10/02/2017 12:25:06>>Open comport[COM6]
<WB-01><10/02/2017 12:25:06>>Open comport[COM6 : 2400,E,7,1] successfull.
<WB-01><10/02/2017 12:25:38>>Initial Weight Bridge[7100301]WB-01 successful.
<WB-01><10/02/2017 12:25:38>>Weight Bridge enable=True
<WB-01><10/02/2017 12:25:38>>Open comport[COM6]
<WB-01><10/02/2017 12:25:38>>Open comport[COM6 : 2400,E,7,1] successfull.
<WB-01><10/02/2017 12:27:39>>Initial Weight Bridge[7100301]WB-01 successful.
<WB-01><10/02/2017 12:27:39>>Weight Bridge enable=True
<WB-01><10/02/2017 12:27:39>>Open comport[COM6]
<WB-01><10/02/2017 12:27:39>>Open comport[COM6 : 2400,E,7,1] successfull.
<WB-01><10/02/2017 12:28:56>>Initial Weight Bridge[7100301]WB-01 successful.
<WB-01><10/02/2017 12:28:56>>Weight Bridge enable=True
<WB-01><10/02/2017 12:28:56>>Open comport[COM6]
<WB-01><10/02/2017 12:28:56>>Open comport[COM6 : 2400,E,7,1] successfull.
<WB-01><10/02/2017 12:29:50>>Initial Weight Bridge[7100301]WB-01 successful.
<WB-01><10/02/2017 12:29:50>>Weight Bridge enable=True
<WB-01><10/02/2017 12:29:50>>Open comport[COM6]
<WB-01><10/02/2017 12:29:50>>Open comport[COM6 : 2400,E,7,1] successfull.
<WB-01><10/02/2017 12:36:18>>Initial Weight Bridge[7100301]WB-01 successful.
<WB-01><10/02/2017 12:36:18>>Weight Bridge enable=True
<WB-01><10/02/2017 12:36:18>>Open comport[COM6]
<WB-01><10/02/2017 12:36:18>>Open comport[COM6 : 2400,E,7,1] successfull.
<WB-01><10/02/2017 12:36:59>>Initial Weight Bridge[7100301]WB-01 successful.
<WB-01><10/02/2017 12:36:59>>Weight Bridge enable=True
<WB-01><10/02/2017 12:36:59>>Open comport[COM6]
<WB-01><10/02/2017 12:36:59>>Open comport[COM6 : 2400,E,7,1] successfull.
<WB-01><10/02/2017 12:37:35>>Initial Weight Bridge[7100301]WB-01 successful.
<WB-01><10/02/2017 12:37:35>>Weight Bridge enable=True
<WB-01><10/02/2017 12:37:35>>Open comport[COM6]
<WB-01><10/02/2017 12:37:35>>Open comport[COM6 : 2400,E,7,1] successfull.
<WB-01><10/02/2017 12:39:09>>Initial Weight Bridge[7100301]WB-01 successful.
<WB-01><10/02/2017 12:39:09>>Weight Bridge enable=True
<WB-01><10/02/2017 12:39:09>>Open comport[COM6]
<WB-01><10/02/2017 12:39:09>>Open comport[COM6 : 2400,E,7,1] successfull.
<WB-01><10/02/2017 12:40:24>>Initial Weight Bridge[7100301]WB-01 successful.
<WB-01><10/02/2017 12:40:24>>Weight Bridge enable=True
<WB-01><10/02/2017 12:40:24>>Open comport[COM6]
<WB-01><10/02/2017 12:40:24>>Open comport[COM6 : 2400,E,7,1] successfull.
<WB-01><10/02/2017 12:42:11>>Initial Weight Bridge[7100301]WB-01 successful.
<WB-01><10/02/2017 12:42:12>>Weight Bridge enable=True
<WB-01><10/02/2017 12:42:12>>Open comport[COM6]
<WB-01><10/02/2017 12:42:12>>Open comport[COM6 : 2400,E,7,1] successfull.
<WB-01><10/02/2017 12:42:45>>Initial Weight Bridge[7100301]WB-01 successful.
<WB-01><10/02/2017 12:42:45>>Weight Bridge enable=True
<WB-01><10/02/2017 12:42:45>>Open comport[COM6]
<WB-01><10/02/2017 12:42:45>>Open comport[COM6 : 2400,E,7,1] successfull.
<WB-01><10/02/2017 12:47:21>>Initial Weight Bridge[7100301]WB-01 successful.
<WB-01><10/02/2017 12:47:21>>Weight Bridge enable=True
<WB-01><10/02/2017 12:47:21>>Open comport[COM6]
<WB-01><10/02/2017 12:47:21>>Open comport[COM6 : 2400,E,7,1] successfull.
<WB-01><10/02/2017 12:48:46>>Initial Weight Bridge[7100301]WB-01 successful.
<WB-01><10/02/2017 12:48:46>>Weight Bridge enable=True
<WB-01><10/02/2017 12:48:46>>Open comport[COM6]
<WB-01><10/02/2017 12:48:46>>Open comport[COM6 : 2400,E,7,1] successfull.
<WB-01><10/02/2017 12:52:07>>Initial Weight Bridge[7100301]WB-01 successful.
<WB-01><10/02/2017 12:52:07>>Weight Bridge enable=True
<WB-01><10/02/2017 12:52:07>>Open comport[COM6]
<WB-01><10/02/2017 12:52:07>>Open comport[COM6 : 2400,E,7,1] successfull.
<WB-01><10/02/2017 13:32:42>>Initial Weight Bridge[7100301]WB-01 successful.
<WB-01><10/02/2017 13:32:42>>Weight Bridge enable=True
<WB-01><10/02/2017 13:32:42>>Open comport[COM6]
<WB-01><10/02/2017 13:32:42>>Open comport[COM6 : 2400,E,7,1] successfull.
<WB-01><10/02/2017 13:34:34>>Initial Weight Bridge[7100301]WB-01 successful.
<WB-01><10/02/2017 13:34:34>>Weight Bridge enable=True
<WB-01><10/02/2017 13:34:34>>Open comport[COM6]
<WB-01><10/02/2017 13:34:34>>Open comport[COM6 : 2400,E,7,1] successfull.
<WB-01><10/02/2017 13:38:03>>Initial Weight Bridge[7100301]WB-01 successful.
<WB-01><10/02/2017 13:38:03>>Weight Bridge enable=True
<WB-01><10/02/2017 13:38:03>>Open comport[COM6]
<WB-01><10/02/2017 13:38:03>>Open comport[COM6 : 2400,E,7,1] successfull.
<WB-01><10/02/2017 13:38:47>>Initial Weight Bridge[7100301]WB-01 successful.
<WB-01><10/02/2017 13:38:47>>Weight Bridge enable=True
<WB-01><10/02/2017 13:38:47>>Open comport[COM6]
<WB-01><10/02/2017 13:38:47>>Open comport[COM6 : 2400,E,7,1] successfull.
<WB-01><10/02/2017 13:40:55>>Initial Weight Bridge[7100301]WB-01 successful.
<WB-01><10/02/2017 13:40:55>>Weight Bridge enable=True
<WB-01><10/02/2017 13:40:55>>Open comport[COM6]
<WB-01><10/02/2017 13:40:55>>Open comport[COM6 : 2400,E,7,1] successfull.
<WB-01><10/02/2017 13:42:30>>Initial Weight Bridge[7100301]WB-01 successful.
<WB-01><10/02/2017 13:42:30>>Weight Bridge enable=True
<WB-01><10/02/2017 13:42:30>>Open comport[COM6]
<WB-01><10/02/2017 13:42:30>>Open comport[COM6 : 2400,E,7,1] successfull.
<WB-01><10/02/2017 13:43:59>>Initial Weight Bridge[7100301]WB-01 successful.
<WB-01><10/02/2017 13:43:59>>Weight Bridge enable=True
<WB-01><10/02/2017 13:43:59>>Open comport[COM6]
<WB-01><10/02/2017 13:43:59>>Open comport[COM6 : 2400,E,7,1] successfull.
<WB-01><10/02/2017 13:44:48>>Initial Weight Bridge[7100301]WB-01 successful.
<WB-01><10/02/2017 13:44:48>>Weight Bridge enable=True
<WB-01><10/02/2017 13:44:48>>Open comport[COM6]
<WB-01><10/02/2017 13:44:48>>Open comport[COM6 : 2400,E,7,1] successfull.
<WB-01><10/02/2017 13:47:48>>Initial Weight Bridge[7100301]WB-01 successful.
<WB-01><10/02/2017 13:47:48>>Weight Bridge enable=True
<WB-01><10/02/2017 13:47:48>>Open comport[COM6]
<WB-01><10/02/2017 13:47:48>>Open comport[COM6 : 2400,E,7,1] successfull.
<WB-01><10/02/2017 13:48:26>>Initial Weight Bridge[7100301]WB-01 successful.
<WB-01><10/02/2017 13:48:26>>Weight Bridge enable=True
<WB-01><10/02/2017 13:48:26>>Open comport[COM6]
<WB-01><10/02/2017 13:48:26>>Open comport[COM6 : 2400,E,7,1] successfull.
<WB-01><10/02/2017 13:50:01>>Initial Weight Bridge[7100301]WB-01 successful.
<WB-01><10/02/2017 13:50:01>>Weight Bridge enable=True
<WB-01><10/02/2017 13:50:01>>Open comport[COM6]
<WB-01><10/02/2017 13:50:01>>Open comport[COM6 : 2400,E,7,1] successfull.
<WB-01><10/02/2017 15:32:28>>Initial Weight Bridge[7100301]WB-01 successful.
<WB-01><10/02/2017 15:32:28>>Weight Bridge enable=True
<WB-01><10/02/2017 15:32:28>>Open comport[COM6]
<WB-01><10/02/2017 15:32:28>>Open comport[COM6 : 2400,E,7,1] successfull.
<WB-01><10/02/2017 15:32:31>><---------Stop process--------->
<WB-01><10/02/2017 15:33:02>>Initial Weight Bridge[7100301]WB-01 successful.
<WB-01><10/02/2017 15:33:02>>Weight Bridge enable=True
<WB-01><10/02/2017 15:33:02>>Open comport[COM6]
<WB-01><10/02/2017 15:33:02>>Open comport[COM6 : 2400,E,7,1] successfull.
<WB-01><10/02/2017 15:33:43>>Initial Weight Bridge[7100301]WB-01 successful.
<WB-01><10/02/2017 15:33:43>>Weight Bridge enable=True
<WB-01><10/02/2017 15:33:43>>Open comport[COM6]
<WB-01><10/02/2017 15:33:43>>Open comport[COM6 : 2400,E,7,1] successfull.
<WB-01><10/02/2017 15:33:48>><---------Stop process--------->
<WB-01><10/02/2017 15:58:14>>Initial Weight Bridge[7100301]WB-01 successful.
<WB-01><10/02/2017 15:58:14>>Weight Bridge enable=True
<WB-01><10/02/2017 15:58:14>>Open comport[COM6]
<WB-01><10/02/2017 15:58:15>>Open comport[COM6 : 2400,E,7,1] successfull.
<WB-01><10/02/2017 15:59:08>><---------Stop process--------->
