<WB01><15/12/2015 08:50:27>>Initial Weight Bridge[7100301]WB01 successful.
<WB01><15/12/2015 08:50:27>>Weight Bridge enable=True
<WB01><15/12/2015 08:50:27>>Open comport[COM6]
<WB01><15/12/2015 08:50:27>>Open comport[COM6 : 9600,E,7,1] successfull.
<WB01><15/12/2015 09:00:42>>Initial Weight Bridge[7100301]WB01 successful.
<WB01><15/12/2015 09:00:42>>Weight Bridge enable=True
<WB01><15/12/2015 09:00:42>>Open comport[COM6]
<WB01><15/12/2015 09:00:42>>Open comport[COM6 : 9600,E,7,1] successfull.
<WB01><15/12/2015 09:12:18>>Initial Weight Bridge[7100301]WB01 successful.
<WB01><15/12/2015 09:12:18>>Weight Bridge enable=True
<WB01><15/12/2015 09:12:18>>Open comport[COM6]
<WB01><15/12/2015 09:12:18>>Open comport[COM6 : 9600,E,7,1] successfull.
<WB01><15/12/2015 09:42:17>>Initial Weight Bridge[7100301]WB01 successful.
<WB01><15/12/2015 09:42:17>>Weight Bridge enable=True
<WB01><15/12/2015 09:42:17>>Open comport[COM6]
<WB01><15/12/2015 09:42:17>>Open comport[COM6 : 9600,E,7,1] successfull.
<WB01><15/12/2015 09:53:30>>Initial Weight Bridge[7100301]WB01 successful.
<WB01><15/12/2015 09:53:30>>Weight Bridge enable=True
<WB01><15/12/2015 09:53:30>>Open comport[COM6]
<WB01><15/12/2015 09:53:30>>Open comport[COM6 : 9600,E,7,1] successfull.
<WB01><15/12/2015 09:55:26>>Initial Weight Bridge[7100301]WB01 successful.
<WB01><15/12/2015 09:55:26>>Weight Bridge enable=True
<WB01><15/12/2015 09:55:26>>Open comport[COM6]
<WB01><15/12/2015 09:55:26>>Open comport[COM6 : 9600,E,7,1] successfull.
<WB01><15/12/2015 09:59:27>>Initial Weight Bridge[7100301]WB01 successful.
<WB01><15/12/2015 09:59:27>>Weight Bridge enable=True
<WB01><15/12/2015 09:59:27>>Open comport[COM6]
<WB01><15/12/2015 09:59:27>>Open comport[COM6 : 9600,E,7,1] successfull.
<WB01><15/12/2015 10:06:09>>Initial Weight Bridge[7100301]WB01 successful.
<WB01><15/12/2015 10:06:09>>Weight Bridge enable=True
<WB01><15/12/2015 10:06:09>>Open comport[COM6]
<WB01><15/12/2015 10:06:09>>Open comport[COM6 : 9600,E,7,1] successfull.
<WB01><15/12/2015 11:12:04>>Initial Weight Bridge[7100301]WB01 successful.
<WB01><15/12/2015 11:12:04>>Weight Bridge enable=True
<WB01><15/12/2015 11:12:04>>Open comport[COM6]
<WB01><15/12/2015 11:12:04>>Open comport[COM6 : 9600,E,7,1] successfull.
<WB01><15/12/2015 13:26:03>><---------Stop process--------->
<WB01><15/12/2015 13:27:49>>Initial Weight Bridge[7100301]WB01 successful.
<WB01><15/12/2015 13:27:49>>Weight Bridge enable=True
<WB01><15/12/2015 13:27:49>>Open comport[COM6]
<WB01><15/12/2015 13:27:49>>Open comport[COM6 : 9600,E,7,1] successfull.
<WB01><15/12/2015 14:58:07>><---------Stop process--------->
